<?xml version="1.0" encoding="UTF-8"?>
<testsuite xmlns:xsi="http://www.w3.org/2001/XMLSchema-instance" xsi:noNamespaceSchemaLocation="https://maven.apache.org/surefire/maven-surefire-plugin/xsd/surefire-test-report-3.0.xsd" version="3.0" name="com.delivery.controller.AuthControllerHttpTest" time="9.719" tests="3" errors="0" skipped="0" failures="0">
  <properties>
[...]
</properties>
  <testcase name="testRegisterWithGlobalPhoneNumbers" classname="com.delivery.controller.AuthControllerHttpTest" time="2.529">
    <system-out><![CDATA[16:08:23.911 [main] INFO org.springframework.test.context.support.AnnotationConfigContextLoaderUtils -- Could not detect default configuration classes for test class [com.delivery.controller.AuthControllerHttpTest]: AuthControllerHttpTest does not declare any static, non-private, non-final, nested classes annotated with @Configuration.
16:08:24.050 [main] INFO org.springframework.boot.test.context.SpringBootTestContextBootstrapper -- Found @SpringBootConfiguration com.delivery.DeliveryPlatformApplication for test class com.delivery.controller.AuthControllerHttpTest

  .   ____          _            __ _ _
 /\\ / ___'_ __ _ _(_)_ __  __ _ \ \ \ \
( ( )\___ | '_ | '_| | '_ \/ _` | \ \ \ \
 \\/  ___)| |_)| | | | | || (_| |  ) ) ) )
  '  |____| .__|_| |_|_| |_\__, | / / / /
 =========|_|==============|___/=/_/_/_/
 :: Spring Boot ::                (v3.2.3)

2025-03-04T16:08:24.610+11:00  INFO 42664 --- [delivery-platform] [           main] c.d.controller.AuthControllerHttpTest    : Starting AuthControllerHttpTest using Java 17.0.8 with PID 42664 (started by Striker in C:\Users\Striker\OneDrive - Australian National University\桌面\ANU\25S1\iDash\backend)
2025-03-04T16:08:24.611+11:00 DEBUG 42664 --- [delivery-platform] [           main] c.d.controller.AuthControllerHttpTest    : Running with Spring Boot v3.2.3, Spring v6.1.4
2025-03-04T16:08:24.612+11:00  INFO 42664 --- [delivery-platform] [           main] c.d.controller.AuthControllerHttpTest    : The following 1 profile is active: "test"
2025-03-04T16:08:25.630+11:00  INFO 42664 --- [delivery-platform] [           main] .s.d.r.c.RepositoryConfigurationDelegate : Multiple Spring Data modules found, entering strict repository configuration mode
2025-03-04T16:08:25.632+11:00  INFO 42664 --- [delivery-platform] [           main] .s.d.r.c.RepositoryConfigurationDelegate : Bootstrapping Spring Data JPA repositories in DEFAULT mode.
2025-03-04T16:08:25.797+11:00  INFO 42664 --- [delivery-platform] [           main] .s.d.r.c.RepositoryConfigurationDelegate : Finished Spring Data repository scanning in 157 ms. Found 1 JPA repository interface.
2025-03-04T16:08:25.823+11:00  INFO 42664 --- [delivery-platform] [           main] .s.d.r.c.RepositoryConfigurationDelegate : Multiple Spring Data modules found, entering strict repository configuration mode
2025-03-04T16:08:25.826+11:00  INFO 42664 --- [delivery-platform] [           main] .s.d.r.c.RepositoryConfigurationDelegate : Bootstrapping Spring Data Redis repositories in DEFAULT mode.
2025-03-04T16:08:25.843+11:00  INFO 42664 --- [delivery-platform] [           main] .RepositoryConfigurationExtensionSupport : Spring Data Redis - Could not safely identify store assignment for repository candidate interface com.delivery.repository.UserRepository; If you want this repository to be a Redis repository, consider annotating your entities with one of these annotations: org.springframework.data.redis.core.RedisHash (preferred), or consider extending one of the following types with your repository: org.springframework.data.keyvalue.repository.KeyValueRepository
2025-03-04T16:08:25.843+11:00  INFO 42664 --- [delivery-platform] [           main] .s.d.r.c.RepositoryConfigurationDelegate : Finished Spring Data repository scanning in 10 ms. Found 0 Redis repository interfaces.
2025-03-04T16:08:26.693+11:00  INFO 42664 --- [delivery-platform] [           main] o.s.b.w.embedded.tomcat.TomcatWebServer  : Tomcat initialized with port 0 (http)
2025-03-04T16:08:26.705+11:00  INFO 42664 --- [delivery-platform] [           main] o.apache.catalina.core.StandardService   : Starting service [Tomcat]
2025-03-04T16:08:26.705+11:00  INFO 42664 --- [delivery-platform] [           main] o.apache.catalina.core.StandardEngine    : Starting Servlet engine: [Apache Tomcat/10.1.19]
2025-03-04T16:08:26.789+11:00  INFO 42664 --- [delivery-platform] [           main] o.a.c.c.C.[Tomcat].[localhost].[/api]    : Initializing Spring embedded WebApplicationContext
2025-03-04T16:08:26.790+11:00  INFO 42664 --- [delivery-platform] [           main] w.s.c.ServletWebServerApplicationContext : Root WebApplicationContext: initialization completed in 2148 ms
2025-03-04T16:08:26.832+11:00  INFO 42664 --- [delivery-platform] [           main] com.zaxxer.hikari.HikariDataSource       : HikariPool-1 - Starting...
2025-03-04T16:08:27.066+11:00  INFO 42664 --- [delivery-platform] [           main] com.zaxxer.hikari.pool.HikariPool        : HikariPool-1 - Added connection conn0: url=jdbc:h2:mem:testdb user=SA
2025-03-04T16:08:27.069+11:00  INFO 42664 --- [delivery-platform] [           main] com.zaxxer.hikari.HikariDataSource       : HikariPool-1 - Start completed.
2025-03-04T16:08:27.083+11:00  INFO 42664 --- [delivery-platform] [           main] o.s.b.a.h2.H2ConsoleAutoConfiguration    : H2 console available at '/h2-console'. Database available at 'jdbc:h2:mem:testdb'
2025-03-04T16:08:27.228+11:00  INFO 42664 --- [delivery-platform] [           main] o.hibernate.jpa.internal.util.LogHelper  : HHH000204: Processing PersistenceUnitInfo [name: default]
2025-03-04T16:08:27.306+11:00  INFO 42664 --- [delivery-platform] [           main] org.hibernate.Version                    : HHH000412: Hibernate ORM core version 6.4.4.Final
2025-03-04T16:08:27.353+11:00  INFO 42664 --- [delivery-platform] [           main] o.h.c.internal.RegionFactoryInitiator    : HHH000026: Second-level cache disabled
2025-03-04T16:08:27.654+11:00  INFO 42664 --- [delivery-platform] [           main] o.s.o.j.p.SpringPersistenceUnitInfo      : No LoadTimeWeaver setup: ignoring JPA class transformer
2025-03-04T16:08:27.708+11:00  WARN 42664 --- [delivery-platform] [           main] org.hibernate.orm.deprecation            : HHH90000025: H2Dialect does not need to be specified explicitly using 'hibernate.dialect' (remove the property setting and it will be selected by default)
2025-03-04T16:08:28.638+11:00  INFO 42664 --- [delivery-platform] [           main] o.h.e.t.j.p.i.JtaPlatformInitiator       : HHH000489: No JTA platform available (set 'hibernate.transaction.jta.platform' to enable JTA platform integration)
2025-03-04T16:08:28.652+11:00 DEBUG 42664 --- [delivery-platform] [           main] org.hibernate.SQL                        : 
    drop table if exists users cascade 
Hibernate: 
    drop table if exists users cascade 
2025-03-04T16:08:28.661+11:00 DEBUG 42664 --- [delivery-platform] [           main] org.hibernate.SQL                        : 
    create table users (
        enabled boolean not null,
        is_available boolean,
        created_at timestamp(6),
        id bigint generated by default as identity,
        updated_at timestamp(6),
        avatar varchar(255),
        business_license varchar(255),
        current_location varchar(255),
        email varchar(255),
        id_card_number varchar(255),
        merchant_address varchar(255),
        merchant_name varchar(255),
        name varchar(255),
        password varchar(255) not null,
        phone_number varchar(255) not null unique,
        role varchar(255) not null check (role in ('CUSTOMER','MERCHANT','RIDER','FRANCHISEE','ADMIN')),
        vehicle_number varchar(255),
        vehicle_type varchar(255),
        primary key (id)
    )
Hibernate: 
    create table users (
        enabled boolean not null,
        is_available boolean,
        created_at timestamp(6),
        id bigint generated by default as identity,
        updated_at timestamp(6),
        avatar varchar(255),
        business_license varchar(255),
        current_location varchar(255),
        email varchar(255),
        id_card_number varchar(255),
        merchant_address varchar(255),
        merchant_name varchar(255),
        name varchar(255),
        password varchar(255) not null,
        phone_number varchar(255) not null unique,
        role varchar(255) not null check (role in ('CUSTOMER','MERCHANT','RIDER','FRANCHISEE','ADMIN')),
        vehicle_number varchar(255),
        vehicle_type varchar(255),
        primary key (id)
    )
2025-03-04T16:08:28.680+11:00  INFO 42664 --- [delivery-platform] [           main] j.LocalContainerEntityManagerFactoryBean : Initialized JPA EntityManagerFactory for persistence unit 'default'
2025-03-04T16:08:29.063+11:00 DEBUG 42664 --- [delivery-platform] [           main] c.d.security.JwtAuthenticationFilter     : Filter 'jwtAuthenticationFilter' configured for use
2025-03-04T16:08:29.180+11:00  WARN 42664 --- [delivery-platform] [           main] JpaBaseConfiguration$JpaWebConfiguration : spring.jpa.open-in-view is enabled by default. Therefore, database queries may be performed during view rendering. Explicitly configure spring.jpa.open-in-view to disable this warning
2025-03-04T16:08:29.498+11:00  INFO 42664 --- [delivery-platform] [           main] o.s.s.web.DefaultSecurityFilterChain     : Will secure any request with [org.springframework.security.web.session.DisableEncodeUrlFilter@48463900, org.springframework.security.web.context.request.async.WebAsyncManagerIntegrationFilter@5834298c, org.springframework.security.web.context.SecurityContextHolderFilter@7959fbe3, org.springframework.security.web.header.HeaderWriterFilter@123a21ad, org.springframework.web.filter.CorsFilter@7c070e78, org.springframework.security.web.authentication.logout.LogoutFilter@f6b128b, com.delivery.security.JwtAuthenticationFilter@7c8cea05, org.springframework.security.web.savedrequest.RequestCacheAwareFilter@3dfe520, org.springframework.security.web.servletapi.SecurityContextHolderAwareRequestFilter@42516ce2, org.springframework.security.web.authentication.AnonymousAuthenticationFilter@63ead376, org.springframework.security.web.session.SessionManagementFilter@586a9fe1, org.springframework.security.web.access.ExceptionTranslationFilter@6812708d, org.springframework.security.web.access.intercept.AuthorizationFilter@7c7d83ff]
2025-03-04T16:08:30.100+11:00  INFO 42664 --- [delivery-platform] [           main] o.s.b.w.embedded.tomcat.TomcatWebServer  : Tomcat started on port 64355 (http) with context path '/api'
2025-03-04T16:08:30.111+11:00  INFO 42664 --- [delivery-platform] [           main] c.d.controller.AuthControllerHttpTest    : Started AuthControllerHttpTest in 5.892 seconds (process running for 6.993)
2025-03-04T16:08:30.808+11:00  INFO 42664 --- [delivery-platform] [o-auto-1-exec-1] o.a.c.c.C.[Tomcat].[localhost].[/api]    : Initializing Spring DispatcherServlet 'dispatcherServlet'
2025-03-04T16:08:30.808+11:00  INFO 42664 --- [delivery-platform] [o-auto-1-exec-1] o.s.web.servlet.DispatcherServlet        : Initializing Servlet 'dispatcherServlet'
2025-03-04T16:08:30.810+11:00  INFO 42664 --- [delivery-platform] [o-auto-1-exec-1] o.s.web.servlet.DispatcherServlet        : Completed initialization in 2 ms
2025-03-04T16:08:30.836+11:00 DEBUG 42664 --- [delivery-platform] [o-auto-1-exec-1] o.s.security.web.FilterChainProxy        : Securing POST /api/auth/register
2025-03-04T16:08:30.844+11:00 DEBUG 42664 --- [delivery-platform] [o-auto-1-exec-1] o.s.s.w.a.AnonymousAuthenticationFilter  : Set SecurityContextHolder to anonymous SecurityContext
2025-03-04T16:08:30.846+11:00 DEBUG 42664 --- [delivery-platform] [o-auto-1-exec-1] o.s.security.web.FilterChainProxy        : Secured POST /api/auth/register
2025-03-04T16:08:31.165+11:00 DEBUG 42664 --- [delivery-platform] [o-auto-1-exec-1] org.hibernate.SQL                        : 
    select
        u1_0.id 
    from
        users u1_0 
    where
        u1_0.phone_number=? 
    fetch
        first ? rows only
Hibernate: 
    select
        u1_0.id 
    from
        users u1_0 
    where
        u1_0.phone_number=? 
    fetch
        first ? rows only
2025-03-04T16:08:31.317+11:00 DEBUG 42664 --- [delivery-platform] [o-auto-1-exec-1] org.hibernate.SQL                        : 
    insert 
    into
        users
        (avatar, business_license, created_at, current_location, email, enabled, id_card_number, is_available, merchant_address, merchant_name, name, password, phone_number, role, updated_at, vehicle_number, vehicle_type, id) 
    values
        (?, ?, ?, ?, ?, ?, ?, ?, ?, ?, ?, ?, ?, ?, ?, ?, ?, default)
Hibernate: 
    insert 
    into
        users
        (avatar, business_license, created_at, current_location, email, enabled, id_card_number, is_available, merchant_address, merchant_name, name, password, phone_number, role, updated_at, vehicle_number, vehicle_type, id) 
    values
        (?, ?, ?, ?, ?, ?, ?, ?, ?, ?, ?, ?, ?, ?, ?, ?, ?, default)
2025-03-04T16:08:31.428+11:00 DEBUG 42664 --- [delivery-platform] [o-auto-1-exec-1] org.hibernate.SQL                        : 
    select
        u1_0.id,
        u1_0.avatar,
        u1_0.business_license,
        u1_0.created_at,
        u1_0.current_location,
        u1_0.email,
        u1_0.enabled,
        u1_0.id_card_number,
        u1_0.is_available,
        u1_0.merchant_address,
        u1_0.merchant_name,
        u1_0.name,
        u1_0.password,
        u1_0.phone_number,
        u1_0.role,
        u1_0.updated_at,
        u1_0.vehicle_number,
        u1_0.vehicle_type 
    from
        users u1_0 
    where
        u1_0.phone_number=?
Hibernate: 
    select
        u1_0.id,
        u1_0.avatar,
        u1_0.business_license,
        u1_0.created_at,
        u1_0.current_location,
        u1_0.email,
        u1_0.enabled,
        u1_0.id_card_number,
        u1_0.is_available,
        u1_0.merchant_address,
        u1_0.merchant_name,
        u1_0.name,
        u1_0.password,
        u1_0.phone_number,
        u1_0.role,
        u1_0.updated_at,
        u1_0.vehicle_number,
        u1_0.vehicle_type 
    from
        users u1_0 
    where
        u1_0.phone_number=?
2025-03-04T16:08:31.514+11:00 DEBUG 42664 --- [delivery-platform] [o-auto-1-exec-1] o.s.s.a.dao.DaoAuthenticationProvider    : Authenticated user
2025-03-04T16:08:31.568+11:00 DEBUG 42664 --- [delivery-platform] [o-auto-1-exec-4] o.s.security.web.FilterChainProxy        : Securing POST /api/auth/register
2025-03-04T16:08:31.568+11:00 DEBUG 42664 --- [delivery-platform] [o-auto-1-exec-4] o.s.s.w.a.AnonymousAuthenticationFilter  : Set SecurityContextHolder to anonymous SecurityContext
2025-03-04T16:08:31.568+11:00 DEBUG 42664 --- [delivery-platform] [o-auto-1-exec-4] o.s.security.web.FilterChainProxy        : Secured POST /api/auth/register
2025-03-04T16:08:31.573+11:00 DEBUG 42664 --- [delivery-platform] [o-auto-1-exec-4] org.hibernate.SQL                        : 
    select
        u1_0.id 
    from
        users u1_0 
    where
        u1_0.phone_number=? 
    fetch
        first ? rows only
Hibernate: 
    select
        u1_0.id 
    from
        users u1_0 
    where
        u1_0.phone_number=? 
    fetch
        first ? rows only
2025-03-04T16:08:31.655+11:00 DEBUG 42664 --- [delivery-platform] [o-auto-1-exec-4] org.hibernate.SQL                        : 
    insert 
    into
        users
        (avatar, business_license, created_at, current_location, email, enabled, id_card_number, is_available, merchant_address, merchant_name, name, password, phone_number, role, updated_at, vehicle_number, vehicle_type, id) 
    values
        (?, ?, ?, ?, ?, ?, ?, ?, ?, ?, ?, ?, ?, ?, ?, ?, ?, default)
Hibernate: 
    insert 
    into
        users
        (avatar, business_license, created_at, current_location, email, enabled, id_card_number, is_available, merchant_address, merchant_name, name, password, phone_number, role, updated_at, vehicle_number, vehicle_type, id) 
    values
        (?, ?, ?, ?, ?, ?, ?, ?, ?, ?, ?, ?, ?, ?, ?, ?, ?, default)
2025-03-04T16:08:31.658+11:00 DEBUG 42664 --- [delivery-platform] [o-auto-1-exec-4] org.hibernate.SQL                        : 
    select
        u1_0.id,
        u1_0.avatar,
        u1_0.business_license,
        u1_0.created_at,
        u1_0.current_location,
        u1_0.email,
        u1_0.enabled,
        u1_0.id_card_number,
        u1_0.is_available,
        u1_0.merchant_address,
        u1_0.merchant_name,
        u1_0.name,
        u1_0.password,
        u1_0.phone_number,
        u1_0.role,
        u1_0.updated_at,
        u1_0.vehicle_number,
        u1_0.vehicle_type 
    from
        users u1_0 
    where
        u1_0.phone_number=?
Hibernate: 
    select
        u1_0.id,
        u1_0.avatar,
        u1_0.business_license,
        u1_0.created_at,
        u1_0.current_location,
        u1_0.email,
        u1_0.enabled,
        u1_0.id_card_number,
        u1_0.is_available,
        u1_0.merchant_address,
        u1_0.merchant_name,
        u1_0.name,
        u1_0.password,
        u1_0.phone_number,
        u1_0.role,
        u1_0.updated_at,
        u1_0.vehicle_number,
        u1_0.vehicle_type 
    from
        users u1_0 
    where
        u1_0.phone_number=?
2025-03-04T16:08:31.739+11:00 DEBUG 42664 --- [delivery-platform] [o-auto-1-exec-4] o.s.s.a.dao.DaoAuthenticationProvider    : Authenticated user
2025-03-04T16:08:31.745+11:00 DEBUG 42664 --- [delivery-platform] [o-auto-1-exec-5] o.s.security.web.FilterChainProxy        : Securing POST /api/auth/register
2025-03-04T16:08:31.745+11:00 DEBUG 42664 --- [delivery-platform] [o-auto-1-exec-5] o.s.s.w.a.AnonymousAuthenticationFilter  : Set SecurityContextHolder to anonymous SecurityContext
2025-03-04T16:08:31.745+11:00 DEBUG 42664 --- [delivery-platform] [o-auto-1-exec-5] o.s.security.web.FilterChainProxy        : Secured POST /api/auth/register
2025-03-04T16:08:31.750+11:00 DEBUG 42664 --- [delivery-platform] [o-auto-1-exec-5] org.hibernate.SQL                        : 
    select
        u1_0.id 
    from
        users u1_0 
    where
        u1_0.phone_number=? 
    fetch
        first ? rows only
Hibernate: 
    select
        u1_0.id 
    from
        users u1_0 
    where
        u1_0.phone_number=? 
    fetch
        first ? rows only
2025-03-04T16:08:31.834+11:00 DEBUG 42664 --- [delivery-platform] [o-auto-1-exec-5] org.hibernate.SQL                        : 
    insert 
    into
        users
        (avatar, business_license, created_at, current_location, email, enabled, id_card_number, is_available, merchant_address, merchant_name, name, password, phone_number, role, updated_at, vehicle_number, vehicle_type, id) 
    values
        (?, ?, ?, ?, ?, ?, ?, ?, ?, ?, ?, ?, ?, ?, ?, ?, ?, default)
Hibernate: 
    insert 
    into
        users
        (avatar, business_license, created_at, current_location, email, enabled, id_card_number, is_available, merchant_address, merchant_name, name, password, phone_number, role, updated_at, vehicle_number, vehicle_type, id) 
    values
        (?, ?, ?, ?, ?, ?, ?, ?, ?, ?, ?, ?, ?, ?, ?, ?, ?, default)
2025-03-04T16:08:31.837+11:00 DEBUG 42664 --- [delivery-platform] [o-auto-1-exec-5] org.hibernate.SQL                        : 
    select
        u1_0.id,
        u1_0.avatar,
        u1_0.business_license,
        u1_0.created_at,
        u1_0.current_location,
        u1_0.email,
        u1_0.enabled,
        u1_0.id_card_number,
        u1_0.is_available,
        u1_0.merchant_address,
        u1_0.merchant_name,
        u1_0.name,
        u1_0.password,
        u1_0.phone_number,
        u1_0.role,
        u1_0.updated_at,
        u1_0.vehicle_number,
        u1_0.vehicle_type 
    from
        users u1_0 
    where
        u1_0.phone_number=?
Hibernate: 
    select
        u1_0.id,
        u1_0.avatar,
        u1_0.business_license,
        u1_0.created_at,
        u1_0.current_location,
        u1_0.email,
        u1_0.enabled,
        u1_0.id_card_number,
        u1_0.is_available,
        u1_0.merchant_address,
        u1_0.merchant_name,
        u1_0.name,
        u1_0.password,
        u1_0.phone_number,
        u1_0.role,
        u1_0.updated_at,
        u1_0.vehicle_number,
        u1_0.vehicle_type 
    from
        users u1_0 
    where
        u1_0.phone_number=?
2025-03-04T16:08:31.919+11:00 DEBUG 42664 --- [delivery-platform] [o-auto-1-exec-5] o.s.s.a.dao.DaoAuthenticationProvider    : Authenticated user
2025-03-04T16:08:31.926+11:00 DEBUG 42664 --- [delivery-platform] [o-auto-1-exec-2] o.s.security.web.FilterChainProxy        : Securing POST /api/auth/register
2025-03-04T16:08:31.927+11:00 DEBUG 42664 --- [delivery-platform] [o-auto-1-exec-2] o.s.s.w.a.AnonymousAuthenticationFilter  : Set SecurityContextHolder to anonymous SecurityContext
2025-03-04T16:08:31.927+11:00 DEBUG 42664 --- [delivery-platform] [o-auto-1-exec-2] o.s.security.web.FilterChainProxy        : Secured POST /api/auth/register
2025-03-04T16:08:31.930+11:00 DEBUG 42664 --- [delivery-platform] [o-auto-1-exec-2] org.hibernate.SQL                        : 
    select
        u1_0.id 
    from
        users u1_0 
    where
        u1_0.phone_number=? 
    fetch
        first ? rows only
Hibernate: 
    select
        u1_0.id 
    from
        users u1_0 
    where
        u1_0.phone_number=? 
    fetch
        first ? rows only
2025-03-04T16:08:32.013+11:00 DEBUG 42664 --- [delivery-platform] [o-auto-1-exec-2] org.hibernate.SQL                        : 
    insert 
    into
        users
        (avatar, business_license, created_at, current_location, email, enabled, id_card_number, is_available, merchant_address, merchant_name, name, password, phone_number, role, updated_at, vehicle_number, vehicle_type, id) 
    values
        (?, ?, ?, ?, ?, ?, ?, ?, ?, ?, ?, ?, ?, ?, ?, ?, ?, default)
Hibernate: 
    insert 
    into
        users
        (avatar, business_license, created_at, current_location, email, enabled, id_card_number, is_available, merchant_address, merchant_name, name, password, phone_number, role, updated_at, vehicle_number, vehicle_type, id) 
    values
        (?, ?, ?, ?, ?, ?, ?, ?, ?, ?, ?, ?, ?, ?, ?, ?, ?, default)
2025-03-04T16:08:32.017+11:00 DEBUG 42664 --- [delivery-platform] [o-auto-1-exec-2] org.hibernate.SQL                        : 
    select
        u1_0.id,
        u1_0.avatar,
        u1_0.business_license,
        u1_0.created_at,
        u1_0.current_location,
        u1_0.email,
        u1_0.enabled,
        u1_0.id_card_number,
        u1_0.is_available,
        u1_0.merchant_address,
        u1_0.merchant_name,
        u1_0.name,
        u1_0.password,
        u1_0.phone_number,
        u1_0.role,
        u1_0.updated_at,
        u1_0.vehicle_number,
        u1_0.vehicle_type 
    from
        users u1_0 
    where
        u1_0.phone_number=?
Hibernate: 
    select
        u1_0.id,
        u1_0.avatar,
        u1_0.business_license,
        u1_0.created_at,
        u1_0.current_location,
        u1_0.email,
        u1_0.enabled,
        u1_0.id_card_number,
        u1_0.is_available,
        u1_0.merchant_address,
        u1_0.merchant_name,
        u1_0.name,
        u1_0.password,
        u1_0.phone_number,
        u1_0.role,
        u1_0.updated_at,
        u1_0.vehicle_number,
        u1_0.vehicle_type 
    from
        users u1_0 
    where
        u1_0.phone_number=?
2025-03-04T16:08:32.100+11:00 DEBUG 42664 --- [delivery-platform] [o-auto-1-exec-2] o.s.s.a.dao.DaoAuthenticationProvider    : Authenticated user
2025-03-04T16:08:32.106+11:00 DEBUG 42664 --- [delivery-platform] [o-auto-1-exec-6] o.s.security.web.FilterChainProxy        : Securing POST /api/auth/register
2025-03-04T16:08:32.106+11:00 DEBUG 42664 --- [delivery-platform] [o-auto-1-exec-6] o.s.s.w.a.AnonymousAuthenticationFilter  : Set SecurityContextHolder to anonymous SecurityContext
2025-03-04T16:08:32.107+11:00 DEBUG 42664 --- [delivery-platform] [o-auto-1-exec-6] o.s.security.web.FilterChainProxy        : Secured POST /api/auth/register
2025-03-04T16:08:32.109+11:00 DEBUG 42664 --- [delivery-platform] [o-auto-1-exec-6] org.hibernate.SQL                        : 
    select
        u1_0.id 
    from
        users u1_0 
    where
        u1_0.phone_number=? 
    fetch
        first ? rows only
Hibernate: 
    select
        u1_0.id 
    from
        users u1_0 
    where
        u1_0.phone_number=? 
    fetch
        first ? rows only
2025-03-04T16:08:32.191+11:00 DEBUG 42664 --- [delivery-platform] [o-auto-1-exec-6] org.hibernate.SQL                        : 
    insert 
    into
        users
        (avatar, business_license, created_at, current_location, email, enabled, id_card_number, is_available, merchant_address, merchant_name, name, password, phone_number, role, updated_at, vehicle_number, vehicle_type, id) 
    values
        (?, ?, ?, ?, ?, ?, ?, ?, ?, ?, ?, ?, ?, ?, ?, ?, ?, default)
Hibernate: 
    insert 
    into
        users
        (avatar, business_license, created_at, current_location, email, enabled, id_card_number, is_available, merchant_address, merchant_name, name, password, phone_number, role, updated_at, vehicle_number, vehicle_type, id) 
    values
        (?, ?, ?, ?, ?, ?, ?, ?, ?, ?, ?, ?, ?, ?, ?, ?, ?, default)
2025-03-04T16:08:32.194+11:00 DEBUG 42664 --- [delivery-platform] [o-auto-1-exec-6] org.hibernate.SQL                        : 
    select
        u1_0.id,
        u1_0.avatar,
        u1_0.business_license,
        u1_0.created_at,
        u1_0.current_location,
        u1_0.email,
        u1_0.enabled,
        u1_0.id_card_number,
        u1_0.is_available,
        u1_0.merchant_address,
        u1_0.merchant_name,
        u1_0.name,
        u1_0.password,
        u1_0.phone_number,
        u1_0.role,
        u1_0.updated_at,
        u1_0.vehicle_number,
        u1_0.vehicle_type 
    from
        users u1_0 
    where
        u1_0.phone_number=?
Hibernate: 
    select
        u1_0.id,
        u1_0.avatar,
        u1_0.business_license,
        u1_0.created_at,
        u1_0.current_location,
        u1_0.email,
        u1_0.enabled,
        u1_0.id_card_number,
        u1_0.is_available,
        u1_0.merchant_address,
        u1_0.merchant_name,
        u1_0.name,
        u1_0.password,
        u1_0.phone_number,
        u1_0.role,
        u1_0.updated_at,
        u1_0.vehicle_number,
        u1_0.vehicle_type 
    from
        users u1_0 
    where
        u1_0.phone_number=?
2025-03-04T16:08:32.277+11:00 DEBUG 42664 --- [delivery-platform] [o-auto-1-exec-6] o.s.s.a.dao.DaoAuthenticationProvider    : Authenticated user
2025-03-04T16:08:32.282+11:00 DEBUG 42664 --- [delivery-platform] [o-auto-1-exec-8] o.s.security.web.FilterChainProxy        : Securing POST /api/auth/register
2025-03-04T16:08:32.282+11:00 DEBUG 42664 --- [delivery-platform] [o-auto-1-exec-8] o.s.s.w.a.AnonymousAuthenticationFilter  : Set SecurityContextHolder to anonymous SecurityContext
2025-03-04T16:08:32.283+11:00 DEBUG 42664 --- [delivery-platform] [o-auto-1-exec-8] o.s.security.web.FilterChainProxy        : Secured POST /api/auth/register
2025-03-04T16:08:32.286+11:00 DEBUG 42664 --- [delivery-platform] [o-auto-1-exec-8] org.hibernate.SQL                        : 
    select
        u1_0.id 
    from
        users u1_0 
    where
        u1_0.phone_number=? 
    fetch
        first ? rows only
Hibernate: 
    select
        u1_0.id 
    from
        users u1_0 
    where
        u1_0.phone_number=? 
    fetch
        first ? rows only
2025-03-04T16:08:32.369+11:00 DEBUG 42664 --- [delivery-platform] [o-auto-1-exec-8] org.hibernate.SQL                        : 
    insert 
    into
        users
        (avatar, business_license, created_at, current_location, email, enabled, id_card_number, is_available, merchant_address, merchant_name, name, password, phone_number, role, updated_at, vehicle_number, vehicle_type, id) 
    values
        (?, ?, ?, ?, ?, ?, ?, ?, ?, ?, ?, ?, ?, ?, ?, ?, ?, default)
Hibernate: 
    insert 
    into
        users
        (avatar, business_license, created_at, current_location, email, enabled, id_card_number, is_available, merchant_address, merchant_name, name, password, phone_number, role, updated_at, vehicle_number, vehicle_type, id) 
    values
        (?, ?, ?, ?, ?, ?, ?, ?, ?, ?, ?, ?, ?, ?, ?, ?, ?, default)
2025-03-04T16:08:32.372+11:00 DEBUG 42664 --- [delivery-platform] [o-auto-1-exec-8] org.hibernate.SQL                        : 
    select
        u1_0.id,
        u1_0.avatar,
        u1_0.business_license,
        u1_0.created_at,
        u1_0.current_location,
        u1_0.email,
        u1_0.enabled,
        u1_0.id_card_number,
        u1_0.is_available,
        u1_0.merchant_address,
        u1_0.merchant_name,
        u1_0.name,
        u1_0.password,
        u1_0.phone_number,
        u1_0.role,
        u1_0.updated_at,
        u1_0.vehicle_number,
        u1_0.vehicle_type 
    from
        users u1_0 
    where
        u1_0.phone_number=?
Hibernate: 
    select
        u1_0.id,
        u1_0.avatar,
        u1_0.business_license,
        u1_0.created_at,
        u1_0.current_location,
        u1_0.email,
        u1_0.enabled,
        u1_0.id_card_number,
        u1_0.is_available,
        u1_0.merchant_address,
        u1_0.merchant_name,
        u1_0.name,
        u1_0.password,
        u1_0.phone_number,
        u1_0.role,
        u1_0.updated_at,
        u1_0.vehicle_number,
        u1_0.vehicle_type 
    from
        users u1_0 
    where
        u1_0.phone_number=?
2025-03-04T16:08:32.455+11:00 DEBUG 42664 --- [delivery-platform] [o-auto-1-exec-8] o.s.s.a.dao.DaoAuthenticationProvider    : Authenticated user
2025-03-04T16:08:32.462+11:00 DEBUG 42664 --- [delivery-platform] [o-auto-1-exec-7] o.s.security.web.FilterChainProxy        : Securing POST /api/auth/register
2025-03-04T16:08:32.462+11:00 DEBUG 42664 --- [delivery-platform] [o-auto-1-exec-7] o.s.s.w.a.AnonymousAuthenticationFilter  : Set SecurityContextHolder to anonymous SecurityContext
2025-03-04T16:08:32.462+11:00 DEBUG 42664 --- [delivery-platform] [o-auto-1-exec-7] o.s.security.web.FilterChainProxy        : Secured POST /api/auth/register
2025-03-04T16:08:32.466+11:00 DEBUG 42664 --- [delivery-platform] [o-auto-1-exec-7] org.hibernate.SQL                        : 
    select
        u1_0.id 
    from
        users u1_0 
    where
        u1_0.phone_number=? 
    fetch
        first ? rows only
Hibernate: 
    select
        u1_0.id 
    from
        users u1_0 
    where
        u1_0.phone_number=? 
    fetch
        first ? rows only
2025-03-04T16:08:32.549+11:00 DEBUG 42664 --- [delivery-platform] [o-auto-1-exec-7] org.hibernate.SQL                        : 
    insert 
    into
        users
        (avatar, business_license, created_at, current_location, email, enabled, id_card_number, is_available, merchant_address, merchant_name, name, password, phone_number, role, updated_at, vehicle_number, vehicle_type, id) 
    values
        (?, ?, ?, ?, ?, ?, ?, ?, ?, ?, ?, ?, ?, ?, ?, ?, ?, default)
Hibernate: 
    insert 
    into
        users
        (avatar, business_license, created_at, current_location, email, enabled, id_card_number, is_available, merchant_address, merchant_name, name, password, phone_number, role, updated_at, vehicle_number, vehicle_type, id) 
    values
        (?, ?, ?, ?, ?, ?, ?, ?, ?, ?, ?, ?, ?, ?, ?, ?, ?, default)
2025-03-04T16:08:32.553+11:00 DEBUG 42664 --- [delivery-platform] [o-auto-1-exec-7] org.hibernate.SQL                        : 
    select
        u1_0.id,
        u1_0.avatar,
        u1_0.business_license,
        u1_0.created_at,
        u1_0.current_location,
        u1_0.email,
        u1_0.enabled,
        u1_0.id_card_number,
        u1_0.is_available,
        u1_0.merchant_address,
        u1_0.merchant_name,
        u1_0.name,
        u1_0.password,
        u1_0.phone_number,
        u1_0.role,
        u1_0.updated_at,
        u1_0.vehicle_number,
        u1_0.vehicle_type 
    from
        users u1_0 
    where
        u1_0.phone_number=?
Hibernate: 
    select
        u1_0.id,
        u1_0.avatar,
        u1_0.business_license,
        u1_0.created_at,
        u1_0.current_location,
        u1_0.email,
        u1_0.enabled,
        u1_0.id_card_number,
        u1_0.is_available,
        u1_0.merchant_address,
        u1_0.merchant_name,
        u1_0.name,
        u1_0.password,
        u1_0.phone_number,
        u1_0.role,
        u1_0.updated_at,
        u1_0.vehicle_number,
        u1_0.vehicle_type 
    from
        users u1_0 
    where
        u1_0.phone_number=?
2025-03-04T16:08:32.635+11:00 DEBUG 42664 --- [delivery-platform] [o-auto-1-exec-7] o.s.s.a.dao.DaoAuthenticationProvider    : Authenticated user
]]></system-out>
  </testcase>
  <testcase name="testInvalidPhoneNumbers" classname="com.delivery.controller.AuthControllerHttpTest" time="0.055">
    <system-out><![CDATA[2025-03-04T16:08:32.654+11:00 DEBUG 42664 --- [delivery-platform] [o-auto-1-exec-9] o.s.security.web.FilterChainProxy        : Securing POST /api/auth/register
2025-03-04T16:08:32.654+11:00 DEBUG 42664 --- [delivery-platform] [o-auto-1-exec-9] o.s.s.w.a.AnonymousAuthenticationFilter  : Set SecurityContextHolder to anonymous SecurityContext
2025-03-04T16:08:32.654+11:00 DEBUG 42664 --- [delivery-platform] [o-auto-1-exec-9] o.s.security.web.FilterChainProxy        : Secured POST /api/auth/register
2025-03-04T16:08:32.658+11:00 DEBUG 42664 --- [delivery-platform] [o-auto-1-exec-9] com.delivery.util.PhoneNumberValidator   : Error parsing phone number 123: Missing or invalid default region.
2025-03-04T16:08:32.669+11:00 DEBUG 42664 --- [delivery-platform] [o-auto-1-exec-3] o.s.security.web.FilterChainProxy        : Securing POST /api/auth/register
2025-03-04T16:08:32.669+11:00 DEBUG 42664 --- [delivery-platform] [o-auto-1-exec-3] o.s.s.w.a.AnonymousAuthenticationFilter  : Set SecurityContextHolder to anonymous SecurityContext
2025-03-04T16:08:32.669+11:00 DEBUG 42664 --- [delivery-platform] [o-auto-1-exec-3] o.s.security.web.FilterChainProxy        : Secured POST /api/auth/register
2025-03-04T16:08:32.671+11:00 DEBUG 42664 --- [delivery-platform] [o-auto-1-exec-3] com.delivery.util.PhoneNumberValidator   : Error parsing phone number +12345678901234567890: The string supplied is too long to be a phone number.
2025-03-04T16:08:32.677+11:00 DEBUG 42664 --- [delivery-platform] [-auto-1-exec-10] o.s.security.web.FilterChainProxy        : Securing POST /api/auth/register
2025-03-04T16:08:32.677+11:00 DEBUG 42664 --- [delivery-platform] [-auto-1-exec-10] o.s.s.w.a.AnonymousAuthenticationFilter  : Set SecurityContextHolder to anonymous SecurityContext
2025-03-04T16:08:32.677+11:00 DEBUG 42664 --- [delivery-platform] [-auto-1-exec-10] o.s.security.web.FilterChainProxy        : Secured POST /api/auth/register
2025-03-04T16:08:32.679+11:00 DEBUG 42664 --- [delivery-platform] [-auto-1-exec-10] com.delivery.util.PhoneNumberValidator   : Phone number +6141234567a is not valid according to libphonenumber
2025-03-04T16:08:32.684+11:00 DEBUG 42664 --- [delivery-platform] [o-auto-1-exec-1] o.s.security.web.FilterChainProxy        : Securing POST /api/auth/register
2025-03-04T16:08:32.684+11:00 DEBUG 42664 --- [delivery-platform] [o-auto-1-exec-1] o.s.s.w.a.AnonymousAuthenticationFilter  : Set SecurityContextHolder to anonymous SecurityContext
2025-03-04T16:08:32.684+11:00 DEBUG 42664 --- [delivery-platform] [o-auto-1-exec-1] o.s.security.web.FilterChainProxy        : Secured POST /api/auth/register
2025-03-04T16:08:32.698+11:00 DEBUG 42664 --- [delivery-platform] [o-auto-1-exec-4] o.s.security.web.FilterChainProxy        : Securing POST /api/auth/register
2025-03-04T16:08:32.699+11:00 DEBUG 42664 --- [delivery-platform] [o-auto-1-exec-4] o.s.s.w.a.AnonymousAuthenticationFilter  : Set SecurityContextHolder to anonymous SecurityContext
2025-03-04T16:08:32.699+11:00 DEBUG 42664 --- [delivery-platform] [o-auto-1-exec-4] o.s.security.web.FilterChainProxy        : Secured POST /api/auth/register
]]></system-out>
  </testcase>
  <testcase name="testLoginWithGlobalPhoneNumbers" classname="com.delivery.controller.AuthControllerHttpTest" time="0.73">
    <system-out><![CDATA[2025-03-04T16:08:32.708+11:00 DEBUG 42664 --- [delivery-platform] [o-auto-1-exec-5] o.s.security.web.FilterChainProxy        : Securing POST /api/auth/register
2025-03-04T16:08:32.710+11:00 DEBUG 42664 --- [delivery-platform] [o-auto-1-exec-5] o.s.s.w.a.AnonymousAuthenticationFilter  : Set SecurityContextHolder to anonymous SecurityContext
2025-03-04T16:08:32.710+11:00 DEBUG 42664 --- [delivery-platform] [o-auto-1-exec-5] o.s.security.web.FilterChainProxy        : Secured POST /api/auth/register
2025-03-04T16:08:32.713+11:00 DEBUG 42664 --- [delivery-platform] [o-auto-1-exec-5] org.hibernate.SQL                        : 
    select
        u1_0.id 
    from
        users u1_0 
    where
        u1_0.phone_number=? 
    fetch
        first ? rows only
Hibernate: 
    select
        u1_0.id 
    from
        users u1_0 
    where
        u1_0.phone_number=? 
    fetch
        first ? rows only
2025-03-04T16:08:32.720+11:00 DEBUG 42664 --- [delivery-platform] [o-auto-1-exec-2] o.s.security.web.FilterChainProxy        : Securing POST /api/auth/login
2025-03-04T16:08:32.720+11:00 DEBUG 42664 --- [delivery-platform] [o-auto-1-exec-2] o.s.s.w.a.AnonymousAuthenticationFilter  : Set SecurityContextHolder to anonymous SecurityContext
2025-03-04T16:08:32.721+11:00 DEBUG 42664 --- [delivery-platform] [o-auto-1-exec-2] o.s.security.web.FilterChainProxy        : Secured POST /api/auth/login
2025-03-04T16:08:32.726+11:00 DEBUG 42664 --- [delivery-platform] [o-auto-1-exec-2] org.hibernate.SQL                        : 
    select
        u1_0.id,
        u1_0.avatar,
        u1_0.business_license,
        u1_0.created_at,
        u1_0.current_location,
        u1_0.email,
        u1_0.enabled,
        u1_0.id_card_number,
        u1_0.is_available,
        u1_0.merchant_address,
        u1_0.merchant_name,
        u1_0.name,
        u1_0.password,
        u1_0.phone_number,
        u1_0.role,
        u1_0.updated_at,
        u1_0.vehicle_number,
        u1_0.vehicle_type 
    from
        users u1_0 
    where
        u1_0.phone_number=?
Hibernate: 
    select
        u1_0.id,
        u1_0.avatar,
        u1_0.business_license,
        u1_0.created_at,
        u1_0.current_location,
        u1_0.email,
        u1_0.enabled,
        u1_0.id_card_number,
        u1_0.is_available,
        u1_0.merchant_address,
        u1_0.merchant_name,
        u1_0.name,
        u1_0.password,
        u1_0.phone_number,
        u1_0.role,
        u1_0.updated_at,
        u1_0.vehicle_number,
        u1_0.vehicle_type 
    from
        users u1_0 
    where
        u1_0.phone_number=?
2025-03-04T16:08:32.810+11:00 DEBUG 42664 --- [delivery-platform] [o-auto-1-exec-2] o.s.s.a.dao.DaoAuthenticationProvider    : Authenticated user
2025-03-04T16:08:32.812+11:00 DEBUG 42664 --- [delivery-platform] [o-auto-1-exec-2] org.hibernate.SQL                        : 
    select
        u1_0.id,
        u1_0.avatar,
        u1_0.business_license,
        u1_0.created_at,
        u1_0.current_location,
        u1_0.email,
        u1_0.enabled,
        u1_0.id_card_number,
        u1_0.is_available,
        u1_0.merchant_address,
        u1_0.merchant_name,
        u1_0.name,
        u1_0.password,
        u1_0.phone_number,
        u1_0.role,
        u1_0.updated_at,
        u1_0.vehicle_number,
        u1_0.vehicle_type 
    from
        users u1_0 
    where
        u1_0.phone_number=?
Hibernate: 
    select
        u1_0.id,
        u1_0.avatar,
        u1_0.business_license,
        u1_0.created_at,
        u1_0.current_location,
        u1_0.email,
        u1_0.enabled,
        u1_0.id_card_number,
        u1_0.is_available,
        u1_0.merchant_address,
        u1_0.merchant_name,
        u1_0.name,
        u1_0.password,
        u1_0.phone_number,
        u1_0.role,
        u1_0.updated_at,
        u1_0.vehicle_number,
        u1_0.vehicle_type 
    from
        users u1_0 
    where
        u1_0.phone_number=?
2025-03-04T16:08:32.817+11:00 DEBUG 42664 --- [delivery-platform] [o-auto-1-exec-6] o.s.security.web.FilterChainProxy        : Securing POST /api/auth/register
2025-03-04T16:08:32.819+11:00 DEBUG 42664 --- [delivery-platform] [o-auto-1-exec-6] o.s.s.w.a.AnonymousAuthenticationFilter  : Set SecurityContextHolder to anonymous SecurityContext
2025-03-04T16:08:32.819+11:00 DEBUG 42664 --- [delivery-platform] [o-auto-1-exec-6] o.s.security.web.FilterChainProxy        : Secured POST /api/auth/register
2025-03-04T16:08:32.821+11:00 DEBUG 42664 --- [delivery-platform] [o-auto-1-exec-6] org.hibernate.SQL                        : 
    select
        u1_0.id 
    from
        users u1_0 
    where
        u1_0.phone_number=? 
    fetch
        first ? rows only
Hibernate: 
    select
        u1_0.id 
    from
        users u1_0 
    where
        u1_0.phone_number=? 
    fetch
        first ? rows only
2025-03-04T16:08:32.825+11:00 DEBUG 42664 --- [delivery-platform] [o-auto-1-exec-8] o.s.security.web.FilterChainProxy        : Securing POST /api/auth/login
2025-03-04T16:08:32.826+11:00 DEBUG 42664 --- [delivery-platform] [o-auto-1-exec-8] o.s.s.w.a.AnonymousAuthenticationFilter  : Set SecurityContextHolder to anonymous SecurityContext
2025-03-04T16:08:32.826+11:00 DEBUG 42664 --- [delivery-platform] [o-auto-1-exec-8] o.s.security.web.FilterChainProxy        : Secured POST /api/auth/login
2025-03-04T16:08:32.829+11:00 DEBUG 42664 --- [delivery-platform] [o-auto-1-exec-8] org.hibernate.SQL                        : 
    select
        u1_0.id,
        u1_0.avatar,
        u1_0.business_license,
        u1_0.created_at,
        u1_0.current_location,
        u1_0.email,
        u1_0.enabled,
        u1_0.id_card_number,
        u1_0.is_available,
        u1_0.merchant_address,
        u1_0.merchant_name,
        u1_0.name,
        u1_0.password,
        u1_0.phone_number,
        u1_0.role,
        u1_0.updated_at,
        u1_0.vehicle_number,
        u1_0.vehicle_type 
    from
        users u1_0 
    where
        u1_0.phone_number=?
Hibernate: 
    select
        u1_0.id,
        u1_0.avatar,
        u1_0.business_license,
        u1_0.created_at,
        u1_0.current_location,
        u1_0.email,
        u1_0.enabled,
        u1_0.id_card_number,
        u1_0.is_available,
        u1_0.merchant_address,
        u1_0.merchant_name,
        u1_0.name,
        u1_0.password,
        u1_0.phone_number,
        u1_0.role,
        u1_0.updated_at,
        u1_0.vehicle_number,
        u1_0.vehicle_type 
    from
        users u1_0 
    where
        u1_0.phone_number=?
2025-03-04T16:08:32.911+11:00 DEBUG 42664 --- [delivery-platform] [o-auto-1-exec-8] o.s.s.a.dao.DaoAuthenticationProvider    : Authenticated user
2025-03-04T16:08:32.919+11:00 DEBUG 42664 --- [delivery-platform] [o-auto-1-exec-8] org.hibernate.SQL                        : 
    select
        u1_0.id,
        u1_0.avatar,
        u1_0.business_license,
        u1_0.created_at,
        u1_0.current_location,
        u1_0.email,
        u1_0.enabled,
        u1_0.id_card_number,
        u1_0.is_available,
        u1_0.merchant_address,
        u1_0.merchant_name,
        u1_0.name,
        u1_0.password,
        u1_0.phone_number,
        u1_0.role,
        u1_0.updated_at,
        u1_0.vehicle_number,
        u1_0.vehicle_type 
    from
        users u1_0 
    where
        u1_0.phone_number=?
Hibernate: 
    select
        u1_0.id,
        u1_0.avatar,
        u1_0.business_license,
        u1_0.created_at,
        u1_0.current_location,
        u1_0.email,
        u1_0.enabled,
        u1_0.id_card_number,
        u1_0.is_available,
        u1_0.merchant_address,
        u1_0.merchant_name,
        u1_0.name,
        u1_0.password,
        u1_0.phone_number,
        u1_0.role,
        u1_0.updated_at,
        u1_0.vehicle_number,
        u1_0.vehicle_type 
    from
        users u1_0 
    where
        u1_0.phone_number=?
2025-03-04T16:08:32.925+11:00 DEBUG 42664 --- [delivery-platform] [o-auto-1-exec-7] o.s.security.web.FilterChainProxy        : Securing POST /api/auth/register
2025-03-04T16:08:32.925+11:00 DEBUG 42664 --- [delivery-platform] [o-auto-1-exec-7] o.s.s.w.a.AnonymousAuthenticationFilter  : Set SecurityContextHolder to anonymous SecurityContext
2025-03-04T16:08:32.925+11:00 DEBUG 42664 --- [delivery-platform] [o-auto-1-exec-7] o.s.security.web.FilterChainProxy        : Secured POST /api/auth/register
2025-03-04T16:08:32.928+11:00 DEBUG 42664 --- [delivery-platform] [o-auto-1-exec-7] org.hibernate.SQL                        : 
    select
        u1_0.id 
    from
        users u1_0 
    where
        u1_0.phone_number=? 
    fetch
        first ? rows only
Hibernate: 
    select
        u1_0.id 
    from
        users u1_0 
    where
        u1_0.phone_number=? 
    fetch
        first ? rows only
2025-03-04T16:08:32.932+11:00 DEBUG 42664 --- [delivery-platform] [o-auto-1-exec-9] o.s.security.web.FilterChainProxy        : Securing POST /api/auth/login
2025-03-04T16:08:32.933+11:00 DEBUG 42664 --- [delivery-platform] [o-auto-1-exec-9] o.s.s.w.a.AnonymousAuthenticationFilter  : Set SecurityContextHolder to anonymous SecurityContext
2025-03-04T16:08:32.933+11:00 DEBUG 42664 --- [delivery-platform] [o-auto-1-exec-9] o.s.security.web.FilterChainProxy        : Secured POST /api/auth/login
2025-03-04T16:08:32.936+11:00 DEBUG 42664 --- [delivery-platform] [o-auto-1-exec-9] org.hibernate.SQL                        : 
    select
        u1_0.id,
        u1_0.avatar,
        u1_0.business_license,
        u1_0.created_at,
        u1_0.current_location,
        u1_0.email,
        u1_0.enabled,
        u1_0.id_card_number,
        u1_0.is_available,
        u1_0.merchant_address,
        u1_0.merchant_name,
        u1_0.name,
        u1_0.password,
        u1_0.phone_number,
        u1_0.role,
        u1_0.updated_at,
        u1_0.vehicle_number,
        u1_0.vehicle_type 
    from
        users u1_0 
    where
        u1_0.phone_number=?
Hibernate: 
    select
        u1_0.id,
        u1_0.avatar,
        u1_0.business_license,
        u1_0.created_at,
        u1_0.current_location,
        u1_0.email,
        u1_0.enabled,
        u1_0.id_card_number,
        u1_0.is_available,
        u1_0.merchant_address,
        u1_0.merchant_name,
        u1_0.name,
        u1_0.password,
        u1_0.phone_number,
        u1_0.role,
        u1_0.updated_at,
        u1_0.vehicle_number,
        u1_0.vehicle_type 
    from
        users u1_0 
    where
        u1_0.phone_number=?
2025-03-04T16:08:33.016+11:00 DEBUG 42664 --- [delivery-platform] [o-auto-1-exec-9] o.s.s.a.dao.DaoAuthenticationProvider    : Authenticated user
2025-03-04T16:08:33.020+11:00 DEBUG 42664 --- [delivery-platform] [o-auto-1-exec-9] org.hibernate.SQL                        : 
    select
        u1_0.id,
        u1_0.avatar,
        u1_0.business_license,
        u1_0.created_at,
        u1_0.current_location,
        u1_0.email,
        u1_0.enabled,
        u1_0.id_card_number,
        u1_0.is_available,
        u1_0.merchant_address,
        u1_0.merchant_name,
        u1_0.name,
        u1_0.password,
        u1_0.phone_number,
        u1_0.role,
        u1_0.updated_at,
        u1_0.vehicle_number,
        u1_0.vehicle_type 
    from
        users u1_0 
    where
        u1_0.phone_number=?
Hibernate: 
    select
        u1_0.id,
        u1_0.avatar,
        u1_0.business_license,
        u1_0.created_at,
        u1_0.current_location,
        u1_0.email,
        u1_0.enabled,
        u1_0.id_card_number,
        u1_0.is_available,
        u1_0.merchant_address,
        u1_0.merchant_name,
        u1_0.name,
        u1_0.password,
        u1_0.phone_number,
        u1_0.role,
        u1_0.updated_at,
        u1_0.vehicle_number,
        u1_0.vehicle_type 
    from
        users u1_0 
    where
        u1_0.phone_number=?
2025-03-04T16:08:33.029+11:00 DEBUG 42664 --- [delivery-platform] [o-auto-1-exec-3] o.s.security.web.FilterChainProxy        : Securing POST /api/auth/register
2025-03-04T16:08:33.029+11:00 DEBUG 42664 --- [delivery-platform] [o-auto-1-exec-3] o.s.s.w.a.AnonymousAuthenticationFilter  : Set SecurityContextHolder to anonymous SecurityContext
2025-03-04T16:08:33.029+11:00 DEBUG 42664 --- [delivery-platform] [o-auto-1-exec-3] o.s.security.web.FilterChainProxy        : Secured POST /api/auth/register
2025-03-04T16:08:33.033+11:00 DEBUG 42664 --- [delivery-platform] [o-auto-1-exec-3] org.hibernate.SQL                        : 
    select
        u1_0.id 
    from
        users u1_0 
    where
        u1_0.phone_number=? 
    fetch
        first ? rows only
Hibernate: 
    select
        u1_0.id 
    from
        users u1_0 
    where
        u1_0.phone_number=? 
    fetch
        first ? rows only
2025-03-04T16:08:33.039+11:00 DEBUG 42664 --- [delivery-platform] [-auto-1-exec-10] o.s.security.web.FilterChainProxy        : Securing POST /api/auth/login
2025-03-04T16:08:33.039+11:00 DEBUG 42664 --- [delivery-platform] [-auto-1-exec-10] o.s.s.w.a.AnonymousAuthenticationFilter  : Set SecurityContextHolder to anonymous SecurityContext
2025-03-04T16:08:33.039+11:00 DEBUG 42664 --- [delivery-platform] [-auto-1-exec-10] o.s.security.web.FilterChainProxy        : Secured POST /api/auth/login
2025-03-04T16:08:33.043+11:00 DEBUG 42664 --- [delivery-platform] [-auto-1-exec-10] org.hibernate.SQL                        : 
    select
        u1_0.id,
        u1_0.avatar,
        u1_0.business_license,
        u1_0.created_at,
        u1_0.current_location,
        u1_0.email,
        u1_0.enabled,
        u1_0.id_card_number,
        u1_0.is_available,
        u1_0.merchant_address,
        u1_0.merchant_name,
        u1_0.name,
        u1_0.password,
        u1_0.phone_number,
        u1_0.role,
        u1_0.updated_at,
        u1_0.vehicle_number,
        u1_0.vehicle_type 
    from
        users u1_0 
    where
        u1_0.phone_number=?
Hibernate: 
    select
        u1_0.id,
        u1_0.avatar,
        u1_0.business_license,
        u1_0.created_at,
        u1_0.current_location,
        u1_0.email,
        u1_0.enabled,
        u1_0.id_card_number,
        u1_0.is_available,
        u1_0.merchant_address,
        u1_0.merchant_name,
        u1_0.name,
        u1_0.password,
        u1_0.phone_number,
        u1_0.role,
        u1_0.updated_at,
        u1_0.vehicle_number,
        u1_0.vehicle_type 
    from
        users u1_0 
    where
        u1_0.phone_number=?
2025-03-04T16:08:33.125+11:00 DEBUG 42664 --- [delivery-platform] [-auto-1-exec-10] o.s.s.a.dao.DaoAuthenticationProvider    : Authenticated user
2025-03-04T16:08:33.127+11:00 DEBUG 42664 --- [delivery-platform] [-auto-1-exec-10] org.hibernate.SQL                        : 
    select
        u1_0.id,
        u1_0.avatar,
        u1_0.business_license,
        u1_0.created_at,
        u1_0.current_location,
        u1_0.email,
        u1_0.enabled,
        u1_0.id_card_number,
        u1_0.is_available,
        u1_0.merchant_address,
        u1_0.merchant_name,
        u1_0.name,
        u1_0.password,
        u1_0.phone_number,
        u1_0.role,
        u1_0.updated_at,
        u1_0.vehicle_number,
        u1_0.vehicle_type 
    from
        users u1_0 
    where
        u1_0.phone_number=?
Hibernate: 
    select
        u1_0.id,
        u1_0.avatar,
        u1_0.business_license,
        u1_0.created_at,
        u1_0.current_location,
        u1_0.email,
        u1_0.enabled,
        u1_0.id_card_number,
        u1_0.is_available,
        u1_0.merchant_address,
        u1_0.merchant_name,
        u1_0.name,
        u1_0.password,
        u1_0.phone_number,
        u1_0.role,
        u1_0.updated_at,
        u1_0.vehicle_number,
        u1_0.vehicle_type 
    from
        users u1_0 
    where
        u1_0.phone_number=?
2025-03-04T16:08:33.131+11:00 DEBUG 42664 --- [delivery-platform] [o-auto-1-exec-1] o.s.security.web.FilterChainProxy        : Securing POST /api/auth/register
2025-03-04T16:08:33.132+11:00 DEBUG 42664 --- [delivery-platform] [o-auto-1-exec-1] o.s.s.w.a.AnonymousAuthenticationFilter  : Set SecurityContextHolder to anonymous SecurityContext
2025-03-04T16:08:33.132+11:00 DEBUG 42664 --- [delivery-platform] [o-auto-1-exec-1] o.s.security.web.FilterChainProxy        : Secured POST /api/auth/register
2025-03-04T16:08:33.134+11:00 DEBUG 42664 --- [delivery-platform] [o-auto-1-exec-1] org.hibernate.SQL                        : 
    select
        u1_0.id 
    from
        users u1_0 
    where
        u1_0.phone_number=? 
    fetch
        first ? rows only
Hibernate: 
    select
        u1_0.id 
    from
        users u1_0 
    where
        u1_0.phone_number=? 
    fetch
        first ? rows only
2025-03-04T16:08:33.139+11:00 DEBUG 42664 --- [delivery-platform] [o-auto-1-exec-4] o.s.security.web.FilterChainProxy        : Securing POST /api/auth/login
2025-03-04T16:08:33.140+11:00 DEBUG 42664 --- [delivery-platform] [o-auto-1-exec-4] o.s.s.w.a.AnonymousAuthenticationFilter  : Set SecurityContextHolder to anonymous SecurityContext
2025-03-04T16:08:33.140+11:00 DEBUG 42664 --- [delivery-platform] [o-auto-1-exec-4] o.s.security.web.FilterChainProxy        : Secured POST /api/auth/login
2025-03-04T16:08:33.142+11:00 DEBUG 42664 --- [delivery-platform] [o-auto-1-exec-4] org.hibernate.SQL                        : 
    select
        u1_0.id,
        u1_0.avatar,
        u1_0.business_license,
        u1_0.created_at,
        u1_0.current_location,
        u1_0.email,
        u1_0.enabled,
        u1_0.id_card_number,
        u1_0.is_available,
        u1_0.merchant_address,
        u1_0.merchant_name,
        u1_0.name,
        u1_0.password,
        u1_0.phone_number,
        u1_0.role,
        u1_0.updated_at,
        u1_0.vehicle_number,
        u1_0.vehicle_type 
    from
        users u1_0 
    where
        u1_0.phone_number=?
Hibernate: 
    select
        u1_0.id,
        u1_0.avatar,
        u1_0.business_license,
        u1_0.created_at,
        u1_0.current_location,
        u1_0.email,
        u1_0.enabled,
        u1_0.id_card_number,
        u1_0.is_available,
        u1_0.merchant_address,
        u1_0.merchant_name,
        u1_0.name,
        u1_0.password,
        u1_0.phone_number,
        u1_0.role,
        u1_0.updated_at,
        u1_0.vehicle_number,
        u1_0.vehicle_type 
    from
        users u1_0 
    where
        u1_0.phone_number=?
2025-03-04T16:08:33.224+11:00 DEBUG 42664 --- [delivery-platform] [o-auto-1-exec-4] o.s.s.a.dao.DaoAuthenticationProvider    : Authenticated user
2025-03-04T16:08:33.225+11:00 DEBUG 42664 --- [delivery-platform] [o-auto-1-exec-4] org.hibernate.SQL                        : 
    select
        u1_0.id,
        u1_0.avatar,
        u1_0.business_license,
        u1_0.created_at,
        u1_0.current_location,
        u1_0.email,
        u1_0.enabled,
        u1_0.id_card_number,
        u1_0.is_available,
        u1_0.merchant_address,
        u1_0.merchant_name,
        u1_0.name,
        u1_0.password,
        u1_0.phone_number,
        u1_0.role,
        u1_0.updated_at,
        u1_0.vehicle_number,
        u1_0.vehicle_type 
    from
        users u1_0 
    where
        u1_0.phone_number=?
Hibernate: 
    select
        u1_0.id,
        u1_0.avatar,
        u1_0.business_license,
        u1_0.created_at,
        u1_0.current_location,
        u1_0.email,
        u1_0.enabled,
        u1_0.id_card_number,
        u1_0.is_available,
        u1_0.merchant_address,
        u1_0.merchant_name,
        u1_0.name,
        u1_0.password,
        u1_0.phone_number,
        u1_0.role,
        u1_0.updated_at,
        u1_0.vehicle_number,
        u1_0.vehicle_type 
    from
        users u1_0 
    where
        u1_0.phone_number=?
2025-03-04T16:08:33.231+11:00 DEBUG 42664 --- [delivery-platform] [o-auto-1-exec-5] o.s.security.web.FilterChainProxy        : Securing POST /api/auth/register
2025-03-04T16:08:33.231+11:00 DEBUG 42664 --- [delivery-platform] [o-auto-1-exec-5] o.s.s.w.a.AnonymousAuthenticationFilter  : Set SecurityContextHolder to anonymous SecurityContext
2025-03-04T16:08:33.231+11:00 DEBUG 42664 --- [delivery-platform] [o-auto-1-exec-5] o.s.security.web.FilterChainProxy        : Secured POST /api/auth/register
2025-03-04T16:08:33.233+11:00 DEBUG 42664 --- [delivery-platform] [o-auto-1-exec-5] org.hibernate.SQL                        : 
    select
        u1_0.id 
    from
        users u1_0 
    where
        u1_0.phone_number=? 
    fetch
        first ? rows only
Hibernate: 
    select
        u1_0.id 
    from
        users u1_0 
    where
        u1_0.phone_number=? 
    fetch
        first ? rows only
2025-03-04T16:08:33.238+11:00 DEBUG 42664 --- [delivery-platform] [o-auto-1-exec-2] o.s.security.web.FilterChainProxy        : Securing POST /api/auth/login
2025-03-04T16:08:33.238+11:00 DEBUG 42664 --- [delivery-platform] [o-auto-1-exec-2] o.s.s.w.a.AnonymousAuthenticationFilter  : Set SecurityContextHolder to anonymous SecurityContext
2025-03-04T16:08:33.238+11:00 DEBUG 42664 --- [delivery-platform] [o-auto-1-exec-2] o.s.security.web.FilterChainProxy        : Secured POST /api/auth/login
2025-03-04T16:08:33.240+11:00 DEBUG 42664 --- [delivery-platform] [o-auto-1-exec-2] org.hibernate.SQL                        : 
    select
        u1_0.id,
        u1_0.avatar,
        u1_0.business_license,
        u1_0.created_at,
        u1_0.current_location,
        u1_0.email,
        u1_0.enabled,
        u1_0.id_card_number,
        u1_0.is_available,
        u1_0.merchant_address,
        u1_0.merchant_name,
        u1_0.name,
        u1_0.password,
        u1_0.phone_number,
        u1_0.role,
        u1_0.updated_at,
        u1_0.vehicle_number,
        u1_0.vehicle_type 
    from
        users u1_0 
    where
        u1_0.phone_number=?
Hibernate: 
    select
        u1_0.id,
        u1_0.avatar,
        u1_0.business_license,
        u1_0.created_at,
        u1_0.current_location,
        u1_0.email,
        u1_0.enabled,
        u1_0.id_card_number,
        u1_0.is_available,
        u1_0.merchant_address,
        u1_0.merchant_name,
        u1_0.name,
        u1_0.password,
        u1_0.phone_number,
        u1_0.role,
        u1_0.updated_at,
        u1_0.vehicle_number,
        u1_0.vehicle_type 
    from
        users u1_0 
    where
        u1_0.phone_number=?
2025-03-04T16:08:33.325+11:00 DEBUG 42664 --- [delivery-platform] [o-auto-1-exec-2] o.s.s.a.dao.DaoAuthenticationProvider    : Authenticated user
2025-03-04T16:08:33.326+11:00 DEBUG 42664 --- [delivery-platform] [o-auto-1-exec-2] org.hibernate.SQL                        : 
    select
        u1_0.id,
        u1_0.avatar,
        u1_0.business_license,
        u1_0.created_at,
        u1_0.current_location,
        u1_0.email,
        u1_0.enabled,
        u1_0.id_card_number,
        u1_0.is_available,
        u1_0.merchant_address,
        u1_0.merchant_name,
        u1_0.name,
        u1_0.password,
        u1_0.phone_number,
        u1_0.role,
        u1_0.updated_at,
        u1_0.vehicle_number,
        u1_0.vehicle_type 
    from
        users u1_0 
    where
        u1_0.phone_number=?
Hibernate: 
    select
        u1_0.id,
        u1_0.avatar,
        u1_0.business_license,
        u1_0.created_at,
        u1_0.current_location,
        u1_0.email,
        u1_0.enabled,
        u1_0.id_card_number,
        u1_0.is_available,
        u1_0.merchant_address,
        u1_0.merchant_name,
        u1_0.name,
        u1_0.password,
        u1_0.phone_number,
        u1_0.role,
        u1_0.updated_at,
        u1_0.vehicle_number,
        u1_0.vehicle_type 
    from
        users u1_0 
    where
        u1_0.phone_number=?
2025-03-04T16:08:33.333+11:00 DEBUG 42664 --- [delivery-platform] [o-auto-1-exec-6] o.s.security.web.FilterChainProxy        : Securing POST /api/auth/register
2025-03-04T16:08:33.333+11:00 DEBUG 42664 --- [delivery-platform] [o-auto-1-exec-6] o.s.s.w.a.AnonymousAuthenticationFilter  : Set SecurityContextHolder to anonymous SecurityContext
2025-03-04T16:08:33.333+11:00 DEBUG 42664 --- [delivery-platform] [o-auto-1-exec-6] o.s.security.web.FilterChainProxy        : Secured POST /api/auth/register
2025-03-04T16:08:33.336+11:00 DEBUG 42664 --- [delivery-platform] [o-auto-1-exec-6] org.hibernate.SQL                        : 
    select
        u1_0.id 
    from
        users u1_0 
    where
        u1_0.phone_number=? 
    fetch
        first ? rows only
Hibernate: 
    select
        u1_0.id 
    from
        users u1_0 
    where
        u1_0.phone_number=? 
    fetch
        first ? rows only
2025-03-04T16:08:33.340+11:00 DEBUG 42664 --- [delivery-platform] [o-auto-1-exec-8] o.s.security.web.FilterChainProxy        : Securing POST /api/auth/login
2025-03-04T16:08:33.341+11:00 DEBUG 42664 --- [delivery-platform] [o-auto-1-exec-8] o.s.s.w.a.AnonymousAuthenticationFilter  : Set SecurityContextHolder to anonymous SecurityContext
2025-03-04T16:08:33.341+11:00 DEBUG 42664 --- [delivery-platform] [o-auto-1-exec-8] o.s.security.web.FilterChainProxy        : Secured POST /api/auth/login
2025-03-04T16:08:33.344+11:00 DEBUG 42664 --- [delivery-platform] [o-auto-1-exec-8] org.hibernate.SQL                        : 
    select
        u1_0.id,
        u1_0.avatar,
        u1_0.business_license,
        u1_0.created_at,
        u1_0.current_location,
        u1_0.email,
        u1_0.enabled,
        u1_0.id_card_number,
        u1_0.is_available,
        u1_0.merchant_address,
        u1_0.merchant_name,
        u1_0.name,
        u1_0.password,
        u1_0.phone_number,
        u1_0.role,
        u1_0.updated_at,
        u1_0.vehicle_number,
        u1_0.vehicle_type 
    from
        users u1_0 
    where
        u1_0.phone_number=?
Hibernate: 
    select
        u1_0.id,
        u1_0.avatar,
        u1_0.business_license,
        u1_0.created_at,
        u1_0.current_location,
        u1_0.email,
        u1_0.enabled,
        u1_0.id_card_number,
        u1_0.is_available,
        u1_0.merchant_address,
        u1_0.merchant_name,
        u1_0.name,
        u1_0.password,
        u1_0.phone_number,
        u1_0.role,
        u1_0.updated_at,
        u1_0.vehicle_number,
        u1_0.vehicle_type 
    from
        users u1_0 
    where
        u1_0.phone_number=?
2025-03-04T16:08:33.429+11:00 DEBUG 42664 --- [delivery-platform] [o-auto-1-exec-8] o.s.s.a.dao.DaoAuthenticationProvider    : Authenticated user
2025-03-04T16:08:33.430+11:00 DEBUG 42664 --- [delivery-platform] [o-auto-1-exec-8] org.hibernate.SQL                        : 
    select
        u1_0.id,
        u1_0.avatar,
        u1_0.business_license,
        u1_0.created_at,
        u1_0.current_location,
        u1_0.email,
        u1_0.enabled,
        u1_0.id_card_number,
        u1_0.is_available,
        u1_0.merchant_address,
        u1_0.merchant_name,
        u1_0.name,
        u1_0.password,
        u1_0.phone_number,
        u1_0.role,
        u1_0.updated_at,
        u1_0.vehicle_number,
        u1_0.vehicle_type 
    from
        users u1_0 
    where
        u1_0.phone_number=?
Hibernate: 
    select
        u1_0.id,
        u1_0.avatar,
        u1_0.business_license,
        u1_0.created_at,
        u1_0.current_location,
        u1_0.email,
        u1_0.enabled,
        u1_0.id_card_number,
        u1_0.is_available,
        u1_0.merchant_address,
        u1_0.merchant_name,
        u1_0.name,
        u1_0.password,
        u1_0.phone_number,
        u1_0.role,
        u1_0.updated_at,
        u1_0.vehicle_number,
        u1_0.vehicle_type 
    from
        users u1_0 
    where
        u1_0.phone_number=?
]]></system-out>
  </testcase>
</testsuite>