<?xml version="1.0" encoding="UTF-8"?>
<testsuite xmlns:xsi="http://www.w3.org/2001/XMLSchema-instance" xsi:noNamespaceSchemaLocation="https://maven.apache.org/surefire/maven-surefire-plugin/xsd/surefire-test-report-3.0.xsd" version="3.0" name="com.delivery.util.PhoneNumberValidatorTest" time="0.011" tests="4" errors="0" skipped="0" failures="0">
  <properties>
[...]
</properties>
  <testcase name="testFormatPhoneNumber" classname="com.delivery.util.PhoneNumberValidatorTest" time="0.0">
    <system-out><![CDATA[2025-03-05T12:35:09.977+11:00 DEBUG 22236 --- [delivery-platform] [           main] com.delivery.util.PhoneNumberValidator   : Error formatting phone number invalid: The string supplied did not seem to be a phone number.
]]></system-out>
  </testcase>
  <testcase name="testGetRegionCode" classname="com.delivery.util.PhoneNumberValidatorTest" time="0.0">
    <system-out><![CDATA[2025-03-05T12:35:09.977+11:00 DEBUG 22236 --- [delivery-platform] [           main] com.delivery.util.PhoneNumberValidator   : Error getting region code for phone number invalid: The string supplied did not seem to be a phone number.
]]></system-out>
  </testcase>
  <testcase name="testValidPhoneNumber" classname="com.delivery.util.PhoneNumberValidatorTest" time="0.011">
    <system-out><![CDATA[2025-03-05T12:35:09.988+11:00 DEBUG 22236 --- [delivery-platform] [           main] com.delivery.util.PhoneNumberValidator   : Error parsing phone number invalid: The string supplied did not seem to be a phone number.
2025-03-05T12:35:09.988+11:00 DEBUG 22236 --- [delivery-platform] [           main] com.delivery.util.PhoneNumberValidator   : Phone number is null or empty
2025-03-05T12:35:09.988+11:00 DEBUG 22236 --- [delivery-platform] [           main] com.delivery.util.PhoneNumberValidator   : Phone number is null or empty
]]></system-out>
  </testcase>
  <testcase name="testGetCountryCode" classname="com.delivery.util.PhoneNumberValidatorTest" time="0.0">
    <system-out><![CDATA[2025-03-05T12:35:09.988+11:00 DEBUG 22236 --- [delivery-platform] [           main] com.delivery.util.PhoneNumberValidator   : Error getting country code for phone number invalid: The string supplied did not seem to be a phone number.
]]></system-out>
  </testcase>
</testsuite>