<?xml version="1.0" encoding="UTF-8"?>
<testsuite xmlns:xsi="http://www.w3.org/2001/XMLSchema-instance" xsi:noNamespaceSchemaLocation="https://maven.apache.org/surefire/maven-surefire-plugin/xsd/surefire-test-report-3.0.xsd" version="3.0" name="com.delivery.controller.AuthControllerIntegrationTest" time="2.297" tests="6" errors="0" skipped="0" failures="0">
  <properties>
[...]
</properties>
  <testcase name="testRegisterMerchant" classname="com.delivery.controller.AuthControllerIntegrationTest" time="0.464">
    <system-out><![CDATA[2025-03-05T12:35:07.052+11:00  INFO 22236 --- [delivery-platform] [           main] t.c.s.AnnotationConfigContextLoaderUtils : Could not detect default configuration classes for test class [com.delivery.controller.AuthControllerIntegrationTest]: AuthControllerIntegrationTest does not declare any static, non-private, non-final, nested classes annotated with @Configuration.
2025-03-05T12:35:07.065+11:00  INFO 22236 --- [delivery-platform] [           main] .b.t.c.SpringBootTestContextBootstrapper : Found @SpringBootConfiguration com.delivery.DeliveryPlatformApplication for test class com.delivery.controller.AuthControllerIntegrationTest

  .   ____          _            __ _ _
 /\\ / ___'_ __ _ _(_)_ __  __ _ \ \ \ \
( ( )\___ | '_ | '_| | '_ \/ _` | \ \ \ \
 \\/  ___)| |_)| | | | | || (_| |  ) ) ) )
  '  |____| .__|_| |_|_| |_\__, | / / / /
 =========|_|==============|___/=/_/_/_/
 :: Spring Boot ::                (v3.2.3)

2025-03-05T12:35:07.128+11:00  INFO 22236 --- [delivery-platform] [           main] c.d.c.AuthControllerIntegrationTest      : Starting AuthControllerIntegrationTest using Java 17.0.8 with PID 22236 (started by Striker in C:\Users\Striker\OneDrive - Australian National University\桌面\ANU\25S1\iDash\backend)
2025-03-05T12:35:07.128+11:00 DEBUG 22236 --- [delivery-platform] [           main] c.d.c.AuthControllerIntegrationTest      : Running with Spring Boot v3.2.3, Spring v6.1.4
2025-03-05T12:35:07.128+11:00  INFO 22236 --- [delivery-platform] [           main] c.d.c.AuthControllerIntegrationTest      : The following 1 profile is active: "test"
2025-03-05T12:35:07.372+11:00  INFO 22236 --- [delivery-platform] [           main] .s.d.r.c.RepositoryConfigurationDelegate : Multiple Spring Data modules found, entering strict repository configuration mode
2025-03-05T12:35:07.372+11:00  INFO 22236 --- [delivery-platform] [           main] .s.d.r.c.RepositoryConfigurationDelegate : Bootstrapping Spring Data JPA repositories in DEFAULT mode.
2025-03-05T12:35:07.393+11:00  INFO 22236 --- [delivery-platform] [           main] .s.d.r.c.RepositoryConfigurationDelegate : Finished Spring Data repository scanning in 21 ms. Found 2 JPA repository interfaces.
2025-03-05T12:35:07.395+11:00  INFO 22236 --- [delivery-platform] [           main] .s.d.r.c.RepositoryConfigurationDelegate : Multiple Spring Data modules found, entering strict repository configuration mode
2025-03-05T12:35:07.395+11:00  INFO 22236 --- [delivery-platform] [           main] .s.d.r.c.RepositoryConfigurationDelegate : Bootstrapping Spring Data Redis repositories in DEFAULT mode.
2025-03-05T12:35:07.403+11:00  INFO 22236 --- [delivery-platform] [           main] .RepositoryConfigurationExtensionSupport : Spring Data Redis - Could not safely identify store assignment for repository candidate interface com.delivery.repository.MenuItemRepository; If you want this repository to be a Redis repository, consider annotating your entities with one of these annotations: org.springframework.data.redis.core.RedisHash (preferred), or consider extending one of the following types with your repository: org.springframework.data.keyvalue.repository.KeyValueRepository
2025-03-05T12:35:07.403+11:00  INFO 22236 --- [delivery-platform] [           main] .RepositoryConfigurationExtensionSupport : Spring Data Redis - Could not safely identify store assignment for repository candidate interface com.delivery.repository.UserRepository; If you want this repository to be a Redis repository, consider annotating your entities with one of these annotations: org.springframework.data.redis.core.RedisHash (preferred), or consider extending one of the following types with your repository: org.springframework.data.keyvalue.repository.KeyValueRepository
2025-03-05T12:35:07.403+11:00  INFO 22236 --- [delivery-platform] [           main] .s.d.r.c.RepositoryConfigurationDelegate : Finished Spring Data repository scanning in 5 ms. Found 0 Redis repository interfaces.
2025-03-05T12:35:07.503+11:00  INFO 22236 --- [delivery-platform] [           main] o.hibernate.jpa.internal.util.LogHelper  : HHH000204: Processing PersistenceUnitInfo [name: default]
2025-03-05T12:35:07.509+11:00  INFO 22236 --- [delivery-platform] [           main] o.h.c.internal.RegionFactoryInitiator    : HHH000026: Second-level cache disabled
2025-03-05T12:35:07.511+11:00  INFO 22236 --- [delivery-platform] [           main] o.s.o.j.p.SpringPersistenceUnitInfo      : No LoadTimeWeaver setup: ignoring JPA class transformer
2025-03-05T12:35:07.511+11:00  INFO 22236 --- [delivery-platform] [           main] com.zaxxer.hikari.HikariDataSource       : HikariPool-2 - Starting...
2025-03-05T12:35:07.511+11:00  INFO 22236 --- [delivery-platform] [           main] com.zaxxer.hikari.pool.HikariPool        : HikariPool-2 - Added connection conn10: url=jdbc:h2:mem:testdb user=SA
2025-03-05T12:35:07.511+11:00  INFO 22236 --- [delivery-platform] [           main] com.zaxxer.hikari.HikariDataSource       : HikariPool-2 - Start completed.
2025-03-05T12:35:07.511+11:00  WARN 22236 --- [delivery-platform] [           main] org.hibernate.orm.deprecation            : HHH90000025: H2Dialect does not need to be specified explicitly using 'hibernate.dialect' (remove the property setting and it will be selected by default)
2025-03-05T12:35:07.601+11:00  INFO 22236 --- [delivery-platform] [           main] o.h.e.t.j.p.i.JtaPlatformInitiator       : HHH000489: No JTA platform available (set 'hibernate.transaction.jta.platform' to enable JTA platform integration)
2025-03-05T12:35:07.601+11:00 DEBUG 22236 --- [delivery-platform] [           main] org.hibernate.SQL                        : 
    drop table if exists menu_items cascade 
Hibernate: 
    drop table if exists menu_items cascade 
2025-03-05T12:35:07.609+11:00 DEBUG 22236 --- [delivery-platform] [           main] org.hibernate.SQL                        : 
    drop table if exists users cascade 
Hibernate: 
    drop table if exists users cascade 
2025-03-05T12:35:07.611+11:00 DEBUG 22236 --- [delivery-platform] [           main] org.hibernate.SQL                        : 
    create table menu_items (
        available boolean not null,
        price numeric(38,2) not null,
        created_at timestamp(6),
        id bigint generated by default as identity,
        merchant_id bigint not null,
        updated_at timestamp(6),
        description varchar(255),
        image_url varchar(255),
        name varchar(255) not null,
        primary key (id)
    )
Hibernate: 
    create table menu_items (
        available boolean not null,
        price numeric(38,2) not null,
        created_at timestamp(6),
        id bigint generated by default as identity,
        merchant_id bigint not null,
        updated_at timestamp(6),
        description varchar(255),
        image_url varchar(255),
        name varchar(255) not null,
        primary key (id)
    )
2025-03-05T12:35:07.613+11:00 DEBUG 22236 --- [delivery-platform] [           main] org.hibernate.SQL                        : 
    create table users (
        enabled boolean not null,
        is_available boolean,
        created_at timestamp(6),
        id bigint generated by default as identity,
        updated_at timestamp(6),
        avatar varchar(255),
        business_license varchar(255),
        current_location varchar(255),
        email varchar(255),
        id_card_number varchar(255),
        merchant_address varchar(255),
        merchant_name varchar(255),
        name varchar(255),
        password varchar(255) not null,
        phone_number varchar(255) not null unique,
        role varchar(255) not null check (role in ('CUSTOMER','MERCHANT','RIDER','FRANCHISEE','ADMIN')),
        vehicle_number varchar(255),
        vehicle_type varchar(255),
        primary key (id)
    )
Hibernate: 
    create table users (
        enabled boolean not null,
        is_available boolean,
        created_at timestamp(6),
        id bigint generated by default as identity,
        updated_at timestamp(6),
        avatar varchar(255),
        business_license varchar(255),
        current_location varchar(255),
        email varchar(255),
        id_card_number varchar(255),
        merchant_address varchar(255),
        merchant_name varchar(255),
        name varchar(255),
        password varchar(255) not null,
        phone_number varchar(255) not null unique,
        role varchar(255) not null check (role in ('CUSTOMER','MERCHANT','RIDER','FRANCHISEE','ADMIN')),
        vehicle_number varchar(255),
        vehicle_type varchar(255),
        primary key (id)
    )
2025-03-05T12:35:07.614+11:00 DEBUG 22236 --- [delivery-platform] [           main] org.hibernate.SQL                        : 
    alter table if exists menu_items 
       add constraint FKbblp8l0gpt6y1tdou15ec8fad 
       foreign key (merchant_id) 
       references users
Hibernate: 
    alter table if exists menu_items 
       add constraint FKbblp8l0gpt6y1tdou15ec8fad 
       foreign key (merchant_id) 
       references users
2025-03-05T12:35:07.615+11:00  INFO 22236 --- [delivery-platform] [           main] j.LocalContainerEntityManagerFactoryBean : Initialized JPA EntityManagerFactory for persistence unit 'default'
2025-03-05T12:35:07.694+11:00  WARN 22236 --- [delivery-platform] [           main] JpaBaseConfiguration$JpaWebConfiguration : spring.jpa.open-in-view is enabled by default. Therefore, database queries may be performed during view rendering. Explicitly configure spring.jpa.open-in-view to disable this warning
2025-03-05T12:35:07.795+11:00  INFO 22236 --- [delivery-platform] [           main] o.s.s.web.DefaultSecurityFilterChain     : Will secure any request with [org.springframework.security.web.session.DisableEncodeUrlFilter@72e76649, org.springframework.security.web.context.request.async.WebAsyncManagerIntegrationFilter@111c9be, org.springframework.security.web.context.SecurityContextHolderFilter@5fa73f3a, org.springframework.security.web.header.HeaderWriterFilter@2fcf1d27, org.springframework.security.web.authentication.logout.LogoutFilter@7de1cc9f, com.delivery.security.JwtAuthenticationFilter@48c8c722, org.springframework.security.web.savedrequest.RequestCacheAwareFilter@484a91f5, org.springframework.security.web.servletapi.SecurityContextHolderAwareRequestFilter@1f3b8bfe, org.springframework.security.web.authentication.AnonymousAuthenticationFilter@2176d934, org.springframework.security.web.session.SessionManagementFilter@1ae3d0a8, org.springframework.security.web.access.ExceptionTranslationFilter@1881ef74, org.springframework.security.web.access.intercept.AuthorizationFilter@229f3c5d]
2025-03-05T12:35:07.878+11:00  INFO 22236 --- [delivery-platform] [           main] o.s.b.a.h2.H2ConsoleAutoConfiguration    : H2 console available at '/h2-console'. Database available at 'jdbc:h2:mem:testdb'
2025-03-05T12:35:07.952+11:00 DEBUG 22236 --- [delivery-platform] [           main] c.d.security.JwtAuthenticationFilter     : Filter 'jwtAuthenticationFilter' configured for use
2025-03-05T12:35:07.952+11:00  INFO 22236 --- [delivery-platform] [           main] o.s.b.t.m.w.SpringBootMockServletContext : Initializing Spring TestDispatcherServlet ''
2025-03-05T12:35:07.952+11:00  INFO 22236 --- [delivery-platform] [           main] o.s.t.web.servlet.TestDispatcherServlet  : Initializing Servlet ''
2025-03-05T12:35:07.952+11:00  INFO 22236 --- [delivery-platform] [           main] o.s.t.web.servlet.TestDispatcherServlet  : Completed initialization in 0 ms
2025-03-05T12:35:07.975+11:00  INFO 22236 --- [delivery-platform] [           main] c.d.c.AuthControllerIntegrationTest      : Started AuthControllerIntegrationTest in 0.894 seconds (process running for 14.826)
2025-03-05T12:35:08.029+11:00 DEBUG 22236 --- [delivery-platform] [           main] o.s.security.web.FilterChainProxy        : Securing POST /api/auth/register
2025-03-05T12:35:08.029+11:00 DEBUG 22236 --- [delivery-platform] [           main] o.s.s.w.a.AnonymousAuthenticationFilter  : Set SecurityContextHolder to anonymous SecurityContext
2025-03-05T12:35:08.029+11:00 DEBUG 22236 --- [delivery-platform] [           main] o.s.security.web.FilterChainProxy        : Secured POST /api/auth/register
2025-03-05T12:35:08.048+11:00 DEBUG 22236 --- [delivery-platform] [           main] org.hibernate.SQL                        : 
    select
        u1_0.id 
    from
        users u1_0 
    where
        u1_0.phone_number=? 
    fetch
        first ? rows only
Hibernate: 
    select
        u1_0.id 
    from
        users u1_0 
    where
        u1_0.phone_number=? 
    fetch
        first ? rows only
2025-03-05T12:35:08.166+11:00 DEBUG 22236 --- [delivery-platform] [           main] org.hibernate.SQL                        : 
    insert 
    into
        users
        (avatar, business_license, created_at, current_location, email, enabled, id_card_number, is_available, merchant_address, merchant_name, name, password, phone_number, role, updated_at, vehicle_number, vehicle_type, id) 
    values
        (?, ?, ?, ?, ?, ?, ?, ?, ?, ?, ?, ?, ?, ?, ?, ?, ?, default)
Hibernate: 
    insert 
    into
        users
        (avatar, business_license, created_at, current_location, email, enabled, id_card_number, is_available, merchant_address, merchant_name, name, password, phone_number, role, updated_at, vehicle_number, vehicle_type, id) 
    values
        (?, ?, ?, ?, ?, ?, ?, ?, ?, ?, ?, ?, ?, ?, ?, ?, ?, default)
2025-03-05T12:35:08.277+11:00 DEBUG 22236 --- [delivery-platform] [           main] org.hibernate.SQL                        : 
    select
        u1_0.id,
        u1_0.avatar,
        u1_0.business_license,
        u1_0.created_at,
        u1_0.current_location,
        u1_0.email,
        u1_0.enabled,
        u1_0.id_card_number,
        u1_0.is_available,
        u1_0.merchant_address,
        u1_0.merchant_name,
        u1_0.name,
        u1_0.password,
        u1_0.phone_number,
        u1_0.role,
        u1_0.updated_at,
        u1_0.vehicle_number,
        u1_0.vehicle_type 
    from
        users u1_0 
    where
        u1_0.phone_number=?
Hibernate: 
    select
        u1_0.id,
        u1_0.avatar,
        u1_0.business_license,
        u1_0.created_at,
        u1_0.current_location,
        u1_0.email,
        u1_0.enabled,
        u1_0.id_card_number,
        u1_0.is_available,
        u1_0.merchant_address,
        u1_0.merchant_name,
        u1_0.name,
        u1_0.password,
        u1_0.phone_number,
        u1_0.role,
        u1_0.updated_at,
        u1_0.vehicle_number,
        u1_0.vehicle_type 
    from
        users u1_0 
    where
        u1_0.phone_number=?
2025-03-05T12:35:08.402+11:00 DEBUG 22236 --- [delivery-platform] [           main] o.s.s.a.dao.DaoAuthenticationProvider    : Authenticated user
]]></system-out>
  </testcase>
  <testcase name="testRegisterWithValidData" classname="com.delivery.controller.AuthControllerIntegrationTest" time="0.234">
    <system-out><![CDATA[2025-03-05T12:35:08.462+11:00 DEBUG 22236 --- [delivery-platform] [           main] o.s.security.web.FilterChainProxy        : Securing POST /api/auth/register
2025-03-05T12:35:08.462+11:00 DEBUG 22236 --- [delivery-platform] [           main] o.s.s.w.a.AnonymousAuthenticationFilter  : Set SecurityContextHolder to anonymous SecurityContext
2025-03-05T12:35:08.462+11:00 DEBUG 22236 --- [delivery-platform] [           main] o.s.security.web.FilterChainProxy        : Secured POST /api/auth/register
2025-03-05T12:35:08.462+11:00 DEBUG 22236 --- [delivery-platform] [           main] org.hibernate.SQL                        : 
    select
        u1_0.id 
    from
        users u1_0 
    where
        u1_0.phone_number=? 
    fetch
        first ? rows only
Hibernate: 
    select
        u1_0.id 
    from
        users u1_0 
    where
        u1_0.phone_number=? 
    fetch
        first ? rows only
2025-03-05T12:35:08.580+11:00 DEBUG 22236 --- [delivery-platform] [           main] org.hibernate.SQL                        : 
    insert 
    into
        users
        (avatar, business_license, created_at, current_location, email, enabled, id_card_number, is_available, merchant_address, merchant_name, name, password, phone_number, role, updated_at, vehicle_number, vehicle_type, id) 
    values
        (?, ?, ?, ?, ?, ?, ?, ?, ?, ?, ?, ?, ?, ?, ?, ?, ?, default)
Hibernate: 
    insert 
    into
        users
        (avatar, business_license, created_at, current_location, email, enabled, id_card_number, is_available, merchant_address, merchant_name, name, password, phone_number, role, updated_at, vehicle_number, vehicle_type, id) 
    values
        (?, ?, ?, ?, ?, ?, ?, ?, ?, ?, ?, ?, ?, ?, ?, ?, ?, default)
2025-03-05T12:35:08.580+11:00 DEBUG 22236 --- [delivery-platform] [           main] org.hibernate.SQL                        : 
    select
        u1_0.id,
        u1_0.avatar,
        u1_0.business_license,
        u1_0.created_at,
        u1_0.current_location,
        u1_0.email,
        u1_0.enabled,
        u1_0.id_card_number,
        u1_0.is_available,
        u1_0.merchant_address,
        u1_0.merchant_name,
        u1_0.name,
        u1_0.password,
        u1_0.phone_number,
        u1_0.role,
        u1_0.updated_at,
        u1_0.vehicle_number,
        u1_0.vehicle_type 
    from
        users u1_0 
    where
        u1_0.phone_number=?
Hibernate: 
    select
        u1_0.id,
        u1_0.avatar,
        u1_0.business_license,
        u1_0.created_at,
        u1_0.current_location,
        u1_0.email,
        u1_0.enabled,
        u1_0.id_card_number,
        u1_0.is_available,
        u1_0.merchant_address,
        u1_0.merchant_name,
        u1_0.name,
        u1_0.password,
        u1_0.phone_number,
        u1_0.role,
        u1_0.updated_at,
        u1_0.vehicle_number,
        u1_0.vehicle_type 
    from
        users u1_0 
    where
        u1_0.phone_number=?
2025-03-05T12:35:08.694+11:00 DEBUG 22236 --- [delivery-platform] [           main] o.s.s.a.dao.DaoAuthenticationProvider    : Authenticated user
]]></system-out>
  </testcase>
  <testcase name="testLoginWithInvalidPhoneNumber" classname="com.delivery.controller.AuthControllerIntegrationTest" time="0.018">
    <system-out><![CDATA[2025-03-05T12:35:08.709+11:00 DEBUG 22236 --- [delivery-platform] [           main] o.s.security.web.FilterChainProxy        : Securing POST /api/auth/login
2025-03-05T12:35:08.710+11:00 DEBUG 22236 --- [delivery-platform] [           main] o.s.s.w.a.AnonymousAuthenticationFilter  : Set SecurityContextHolder to anonymous SecurityContext
2025-03-05T12:35:08.710+11:00 DEBUG 22236 --- [delivery-platform] [           main] o.s.security.web.FilterChainProxy        : Secured POST /api/auth/login
2025-03-05T12:35:08.712+11:00 DEBUG 22236 --- [delivery-platform] [           main] com.delivery.util.PhoneNumberValidator   : Error parsing phone number 123: Missing or invalid default region.
]]></system-out>
  </testcase>
  <testcase name="testRegisterRider" classname="com.delivery.controller.AuthControllerIntegrationTest" time="0.254">
    <system-out><![CDATA[2025-03-05T12:35:08.725+11:00 DEBUG 22236 --- [delivery-platform] [           main] o.s.security.web.FilterChainProxy        : Securing POST /api/auth/register
2025-03-05T12:35:08.726+11:00 DEBUG 22236 --- [delivery-platform] [           main] o.s.s.w.a.AnonymousAuthenticationFilter  : Set SecurityContextHolder to anonymous SecurityContext
2025-03-05T12:35:08.726+11:00 DEBUG 22236 --- [delivery-platform] [           main] o.s.security.web.FilterChainProxy        : Secured POST /api/auth/register
2025-03-05T12:35:08.729+11:00 DEBUG 22236 --- [delivery-platform] [           main] org.hibernate.SQL                        : 
    select
        u1_0.id 
    from
        users u1_0 
    where
        u1_0.phone_number=? 
    fetch
        first ? rows only
Hibernate: 
    select
        u1_0.id 
    from
        users u1_0 
    where
        u1_0.phone_number=? 
    fetch
        first ? rows only
2025-03-05T12:35:08.844+11:00 DEBUG 22236 --- [delivery-platform] [           main] org.hibernate.SQL                        : 
    insert 
    into
        users
        (avatar, business_license, created_at, current_location, email, enabled, id_card_number, is_available, merchant_address, merchant_name, name, password, phone_number, role, updated_at, vehicle_number, vehicle_type, id) 
    values
        (?, ?, ?, ?, ?, ?, ?, ?, ?, ?, ?, ?, ?, ?, ?, ?, ?, default)
Hibernate: 
    insert 
    into
        users
        (avatar, business_license, created_at, current_location, email, enabled, id_card_number, is_available, merchant_address, merchant_name, name, password, phone_number, role, updated_at, vehicle_number, vehicle_type, id) 
    values
        (?, ?, ?, ?, ?, ?, ?, ?, ?, ?, ?, ?, ?, ?, ?, ?, ?, default)
2025-03-05T12:35:08.848+11:00 DEBUG 22236 --- [delivery-platform] [           main] org.hibernate.SQL                        : 
    select
        u1_0.id,
        u1_0.avatar,
        u1_0.business_license,
        u1_0.created_at,
        u1_0.current_location,
        u1_0.email,
        u1_0.enabled,
        u1_0.id_card_number,
        u1_0.is_available,
        u1_0.merchant_address,
        u1_0.merchant_name,
        u1_0.name,
        u1_0.password,
        u1_0.phone_number,
        u1_0.role,
        u1_0.updated_at,
        u1_0.vehicle_number,
        u1_0.vehicle_type 
    from
        users u1_0 
    where
        u1_0.phone_number=?
Hibernate: 
    select
        u1_0.id,
        u1_0.avatar,
        u1_0.business_license,
        u1_0.created_at,
        u1_0.current_location,
        u1_0.email,
        u1_0.enabled,
        u1_0.id_card_number,
        u1_0.is_available,
        u1_0.merchant_address,
        u1_0.merchant_name,
        u1_0.name,
        u1_0.password,
        u1_0.phone_number,
        u1_0.role,
        u1_0.updated_at,
        u1_0.vehicle_number,
        u1_0.vehicle_type 
    from
        users u1_0 
    where
        u1_0.phone_number=?
2025-03-05T12:35:08.964+11:00 DEBUG 22236 --- [delivery-platform] [           main] o.s.s.a.dao.DaoAuthenticationProvider    : Authenticated user
]]></system-out>
  </testcase>
  <testcase name="testLoginWithValidData" classname="com.delivery.controller.AuthControllerIntegrationTest" time="0.362">
    <system-out><![CDATA[2025-03-05T12:35:08.966+11:00 DEBUG 22236 --- [delivery-platform] [           main] o.s.security.web.FilterChainProxy        : Securing POST /api/auth/register
2025-03-05T12:35:08.966+11:00 DEBUG 22236 --- [delivery-platform] [           main] o.s.s.w.a.AnonymousAuthenticationFilter  : Set SecurityContextHolder to anonymous SecurityContext
2025-03-05T12:35:08.966+11:00 DEBUG 22236 --- [delivery-platform] [           main] o.s.security.web.FilterChainProxy        : Secured POST /api/auth/register
2025-03-05T12:35:08.966+11:00 DEBUG 22236 --- [delivery-platform] [           main] org.hibernate.SQL                        : 
    select
        u1_0.id 
    from
        users u1_0 
    where
        u1_0.phone_number=? 
    fetch
        first ? rows only
Hibernate: 
    select
        u1_0.id 
    from
        users u1_0 
    where
        u1_0.phone_number=? 
    fetch
        first ? rows only
2025-03-05T12:35:09.078+11:00 DEBUG 22236 --- [delivery-platform] [           main] org.hibernate.SQL                        : 
    insert 
    into
        users
        (avatar, business_license, created_at, current_location, email, enabled, id_card_number, is_available, merchant_address, merchant_name, name, password, phone_number, role, updated_at, vehicle_number, vehicle_type, id) 
    values
        (?, ?, ?, ?, ?, ?, ?, ?, ?, ?, ?, ?, ?, ?, ?, ?, ?, default)
Hibernate: 
    insert 
    into
        users
        (avatar, business_license, created_at, current_location, email, enabled, id_card_number, is_available, merchant_address, merchant_name, name, password, phone_number, role, updated_at, vehicle_number, vehicle_type, id) 
    values
        (?, ?, ?, ?, ?, ?, ?, ?, ?, ?, ?, ?, ?, ?, ?, ?, ?, default)
2025-03-05T12:35:09.078+11:00 DEBUG 22236 --- [delivery-platform] [           main] org.hibernate.SQL                        : 
    select
        u1_0.id,
        u1_0.avatar,
        u1_0.business_license,
        u1_0.created_at,
        u1_0.current_location,
        u1_0.email,
        u1_0.enabled,
        u1_0.id_card_number,
        u1_0.is_available,
        u1_0.merchant_address,
        u1_0.merchant_name,
        u1_0.name,
        u1_0.password,
        u1_0.phone_number,
        u1_0.role,
        u1_0.updated_at,
        u1_0.vehicle_number,
        u1_0.vehicle_type 
    from
        users u1_0 
    where
        u1_0.phone_number=?
Hibernate: 
    select
        u1_0.id,
        u1_0.avatar,
        u1_0.business_license,
        u1_0.created_at,
        u1_0.current_location,
        u1_0.email,
        u1_0.enabled,
        u1_0.id_card_number,
        u1_0.is_available,
        u1_0.merchant_address,
        u1_0.merchant_name,
        u1_0.name,
        u1_0.password,
        u1_0.phone_number,
        u1_0.role,
        u1_0.updated_at,
        u1_0.vehicle_number,
        u1_0.vehicle_type 
    from
        users u1_0 
    where
        u1_0.phone_number=?
2025-03-05T12:35:09.207+11:00 DEBUG 22236 --- [delivery-platform] [           main] o.s.s.a.dao.DaoAuthenticationProvider    : Authenticated user
2025-03-05T12:35:09.211+11:00 DEBUG 22236 --- [delivery-platform] [           main] o.s.security.web.FilterChainProxy        : Securing POST /api/auth/login
2025-03-05T12:35:09.211+11:00 DEBUG 22236 --- [delivery-platform] [           main] o.s.s.w.a.AnonymousAuthenticationFilter  : Set SecurityContextHolder to anonymous SecurityContext
2025-03-05T12:35:09.211+11:00 DEBUG 22236 --- [delivery-platform] [           main] o.s.security.web.FilterChainProxy        : Secured POST /api/auth/login
2025-03-05T12:35:09.214+11:00 DEBUG 22236 --- [delivery-platform] [           main] org.hibernate.SQL                        : 
    select
        u1_0.id,
        u1_0.avatar,
        u1_0.business_license,
        u1_0.created_at,
        u1_0.current_location,
        u1_0.email,
        u1_0.enabled,
        u1_0.id_card_number,
        u1_0.is_available,
        u1_0.merchant_address,
        u1_0.merchant_name,
        u1_0.name,
        u1_0.password,
        u1_0.phone_number,
        u1_0.role,
        u1_0.updated_at,
        u1_0.vehicle_number,
        u1_0.vehicle_type 
    from
        users u1_0 
    where
        u1_0.phone_number=?
Hibernate: 
    select
        u1_0.id,
        u1_0.avatar,
        u1_0.business_license,
        u1_0.created_at,
        u1_0.current_location,
        u1_0.email,
        u1_0.enabled,
        u1_0.id_card_number,
        u1_0.is_available,
        u1_0.merchant_address,
        u1_0.merchant_name,
        u1_0.name,
        u1_0.password,
        u1_0.phone_number,
        u1_0.role,
        u1_0.updated_at,
        u1_0.vehicle_number,
        u1_0.vehicle_type 
    from
        users u1_0 
    where
        u1_0.phone_number=?
2025-03-05T12:35:09.327+11:00 DEBUG 22236 --- [delivery-platform] [           main] o.s.s.a.dao.DaoAuthenticationProvider    : Authenticated user
2025-03-05T12:35:09.328+11:00 DEBUG 22236 --- [delivery-platform] [           main] org.hibernate.SQL                        : 
    select
        u1_0.id,
        u1_0.avatar,
        u1_0.business_license,
        u1_0.created_at,
        u1_0.current_location,
        u1_0.email,
        u1_0.enabled,
        u1_0.id_card_number,
        u1_0.is_available,
        u1_0.merchant_address,
        u1_0.merchant_name,
        u1_0.name,
        u1_0.password,
        u1_0.phone_number,
        u1_0.role,
        u1_0.updated_at,
        u1_0.vehicle_number,
        u1_0.vehicle_type 
    from
        users u1_0 
    where
        u1_0.phone_number=?
Hibernate: 
    select
        u1_0.id,
        u1_0.avatar,
        u1_0.business_license,
        u1_0.created_at,
        u1_0.current_location,
        u1_0.email,
        u1_0.enabled,
        u1_0.id_card_number,
        u1_0.is_available,
        u1_0.merchant_address,
        u1_0.merchant_name,
        u1_0.name,
        u1_0.password,
        u1_0.phone_number,
        u1_0.role,
        u1_0.updated_at,
        u1_0.vehicle_number,
        u1_0.vehicle_type 
    from
        users u1_0 
    where
        u1_0.phone_number=?
]]></system-out>
  </testcase>
  <testcase name="testRegisterWithInvalidPhoneNumber" classname="com.delivery.controller.AuthControllerIntegrationTest" time="0.009">
    <system-out><![CDATA[2025-03-05T12:35:09.328+11:00 DEBUG 22236 --- [delivery-platform] [           main] o.s.security.web.FilterChainProxy        : Securing POST /api/auth/register
2025-03-05T12:35:09.328+11:00 DEBUG 22236 --- [delivery-platform] [           main] o.s.s.w.a.AnonymousAuthenticationFilter  : Set SecurityContextHolder to anonymous SecurityContext
2025-03-05T12:35:09.328+11:00 DEBUG 22236 --- [delivery-platform] [           main] o.s.security.web.FilterChainProxy        : Secured POST /api/auth/register
2025-03-05T12:35:09.337+11:00 DEBUG 22236 --- [delivery-platform] [           main] com.delivery.util.PhoneNumberValidator   : Error parsing phone number 123: Missing or invalid default region.
]]></system-out>
  </testcase>
</testsuite>